{"C:\\SD_Assign\\Code-Crafters\\backend\\app.js": {"path":"C:\\SD_Assign\\Code-Crafters\\backend\\app.js","statementMap":{"0":{"start":{"line":1,"column":0},"end":{"line":1,"column":27}},"1":{"start":{"line":2,"column":14},"end":{"line":2,"column":39}},"2":{"start":{"line":3,"column":16},"end":{"line":3,"column":34}},"3":{"start":{"line":4,"column":13},"end":{"line":4,"column":28}},"4":{"start":{"line":5,"column":12},"end":{"line":5,"column":21}},"5":{"start":{"line":6,"column":20},"end":{"line":6,"column":45}},"6":{"start":{"line":7,"column":22},"end":{"line":7,"column":49}},"7":{"start":{"line":8,"column":27},"end":{"line":8,"column":60}},"8":{"start":{"line":9,"column":30},"end":{"line":9,"column":66}},"9":{"start":{"line":10,"column":27},"end":{"line":10,"column":59}},"10":{"start":{"line":11,"column":28},"end":{"line":11,"column":61}},"11":{"start":{"line":13,"column":0},"end":{"line":25,"column":1}},"12":{"start":{"line":14,"column":2},"end":{"line":24,"column":3}},"13":{"start":{"line":15,"column":23},"end":{"line":17,"column":66}},"14":{"start":{"line":19,"column":4},"end":{"line":19,"column":40}},"15":{"start":{"line":20,"column":4},"end":{"line":20,"column":53}},"16":{"start":{"line":22,"column":4},"end":{"line":22,"column":65}},"17":{"start":{"line":23,"column":4},"end":{"line":23,"column":20}},"18":{"start":{"line":27,"column":0},"end":{"line":39,"column":4}},"19":{"start":{"line":29,"column":20},"end":{"line":32,"column":5}},"20":{"start":{"line":33,"column":4},"end":{"line":37,"column":5}},"21":{"start":{"line":34,"column":6},"end":{"line":34,"column":27}},"22":{"start":{"line":36,"column":6},"end":{"line":36,"column":49}},"23":{"start":{"line":41,"column":0},"end":{"line":41,"column":24}},"24":{"start":{"line":43,"column":28},"end":{"line":43,"column":61}},"25":{"start":{"line":44,"column":20},"end":{"line":44,"column":45}},"26":{"start":{"line":46,"column":0},"end":{"line":48,"column":3}},"27":{"start":{"line":47,"column":2},"end":{"line":47,"column":26}},"28":{"start":{"line":50,"column":0},"end":{"line":59,"column":3}},"29":{"start":{"line":51,"column":13},"end":{"line":51,"column":28}},"30":{"start":{"line":52,"column":2},"end":{"line":58,"column":5}},"31":{"start":{"line":53,"column":4},"end":{"line":57,"column":5}},"32":{"start":{"line":54,"column":6},"end":{"line":54,"column":61}},"33":{"start":{"line":56,"column":6},"end":{"line":56,"column":58}},"34":{"start":{"line":61,"column":0},"end":{"line":61,"column":47}},"35":{"start":{"line":62,"column":0},"end":{"line":62,"column":31}},"36":{"start":{"line":63,"column":0},"end":{"line":63,"column":29}},"37":{"start":{"line":64,"column":0},"end":{"line":64,"column":35}},"38":{"start":{"line":65,"column":0},"end":{"line":65,"column":46}},"39":{"start":{"line":66,"column":0},"end":{"line":66,"column":52}},"40":{"start":{"line":67,"column":0},"end":{"line":67,"column":45}},"41":{"start":{"line":68,"column":0},"end":{"line":68,"column":47}},"42":{"start":{"line":70,"column":0},"end":{"line":70,"column":21}}},"fnMap":{"0":{"name":"(anonymous_0)","decl":{"start":{"line":28,"column":10},"end":{"line":28,"column":11}},"loc":{"start":{"line":28,"column":32},"end":{"line":38,"column":3}},"line":28},"1":{"name":"(anonymous_1)","decl":{"start":{"line":46,"column":13},"end":{"line":46,"column":14}},"loc":{"start":{"line":46,"column":27},"end":{"line":48,"column":1}},"line":46},"2":{"name":"(anonymous_2)","decl":{"start":{"line":50,"column":19},"end":{"line":50,"column":20}},"loc":{"start":{"line":50,"column":33},"end":{"line":59,"column":1}},"line":50},"3":{"name":"(anonymous_3)","decl":{"start":{"line":52,"column":23},"end":{"line":52,"column":24}},"loc":{"start":{"line":52,"column":32},"end":{"line":58,"column":3}},"line":52}},"branchMap":{"0":{"loc":{"start":{"line":13,"column":0},"end":{"line":25,"column":1}},"type":"if","locations":[{"start":{"line":13,"column":0},"end":{"line":25,"column":1}},{"start":{},"end":{}}],"line":13},"1":{"loc":{"start":{"line":13,"column":4},"end":{"line":13,"column":57}},"type":"binary-expr","locations":[{"start":{"line":13,"column":4},"end":{"line":13,"column":22}},{"start":{"line":13,"column":26},"end":{"line":13,"column":57}}],"line":13},"2":{"loc":{"start":{"line":15,"column":23},"end":{"line":17,"column":66}},"type":"cond-expr","locations":[{"start":{"line":16,"column":8},"end":{"line":16,"column":79}},{"start":{"line":17,"column":8},"end":{"line":17,"column":66}}],"line":15},"3":{"loc":{"start":{"line":33,"column":4},"end":{"line":37,"column":5}},"type":"if","locations":[{"start":{"line":33,"column":4},"end":{"line":37,"column":5}},{"start":{"line":35,"column":11},"end":{"line":37,"column":5}}],"line":33},"4":{"loc":{"start":{"line":33,"column":8},"end":{"line":33,"column":99}},"type":"binary-expr","locations":[{"start":{"line":33,"column":8},"end":{"line":33,"column":15}},{"start":{"line":33,"column":19},"end":{"line":33,"column":43}},{"start":{"line":33,"column":47},"end":{"line":33,"column":99}}],"line":33},"5":{"loc":{"start":{"line":53,"column":4},"end":{"line":57,"column":5}},"type":"if","locations":[{"start":{"line":53,"column":4},"end":{"line":57,"column":5}},{"start":{"line":55,"column":11},"end":{"line":57,"column":5}}],"line":53}},"s":{"0":2,"1":2,"2":2,"3":2,"4":2,"5":2,"6":2,"7":2,"8":2,"9":2,"10":2,"11":2,"12":0,"13":0,"14":0,"15":0,"16":0,"17":0,"18":2,"19":16,"20":16,"21":16,"22":0,"23":2,"24":2,"25":2,"26":2,"27":1,"28":2,"29":1,"30":1,"31":1,"32":0,"33":1,"34":2,"35":2,"36":2,"37":2,"38":2,"39":2,"40":2,"41":2,"42":2},"f":{"0":16,"1":1,"2":1,"3":1},"b":{"0":[0,2],"1":[2,2],"2":[0,0],"3":[16,0],"4":[16,0,0],"5":[0,1]},"_coverageSchema":"1a1c01bbd47fc00a2c39e90264f33305004495a9","hash":"29e4180629087a9f2ab085173ff6c085e756bacf"}
,"C:\\SD_Assign\\Code-Crafters\\backend\\routes\\admin.js": {"path":"C:\\SD_Assign\\Code-Crafters\\backend\\routes\\admin.js","statementMap":{"0":{"start":{"line":1,"column":16},"end":{"line":1,"column":34}},"1":{"start":{"line":2,"column":15},"end":{"line":2,"column":31}},"2":{"start":{"line":3,"column":14},"end":{"line":3,"column":39}},"3":{"start":{"line":4,"column":11},"end":{"line":4,"column":27}},"4":{"start":{"line":10,"column":16},"end":{"line":10,"column":62}},"5":{"start":{"line":12,"column":2},"end":{"line":14,"column":3}},"6":{"start":{"line":13,"column":4},"end":{"line":13,"column":55}},"7":{"start":{"line":16,"column":2},"end":{"line":26,"column":7}},"8":{"start":{"line":20,"column":6},"end":{"line":20,"column":28}},"9":{"start":{"line":21,"column":6},"end":{"line":21,"column":32}},"10":{"start":{"line":22,"column":6},"end":{"line":22,"column":13}},"11":{"start":{"line":25,"column":6},"end":{"line":25,"column":55}},"12":{"start":{"line":32,"column":0},"end":{"line":41,"column":3}},"13":{"start":{"line":33,"column":2},"end":{"line":40,"column":5}},"14":{"start":{"line":34,"column":4},"end":{"line":37,"column":5}},"15":{"start":{"line":35,"column":6},"end":{"line":35,"column":40}},"16":{"start":{"line":36,"column":6},"end":{"line":36,"column":58}},"17":{"start":{"line":39,"column":4},"end":{"line":39,"column":22}},"18":{"start":{"line":46,"column":0},"end":{"line":60,"column":3}},"19":{"start":{"line":47,"column":2},"end":{"line":59,"column":4}},"20":{"start":{"line":51,"column":6},"end":{"line":51,"column":67}},"21":{"start":{"line":51,"column":15},"end":{"line":51,"column":67}},"22":{"start":{"line":53,"column":6},"end":{"line":55,"column":7}},"23":{"start":{"line":54,"column":8},"end":{"line":54,"column":64}},"24":{"start":{"line":57,"column":6},"end":{"line":57,"column":27}},"25":{"start":{"line":65,"column":0},"end":{"line":81,"column":3}},"26":{"start":{"line":66,"column":21},"end":{"line":66,"column":29}},"27":{"start":{"line":68,"column":2},"end":{"line":80,"column":4}},"28":{"start":{"line":72,"column":6},"end":{"line":72,"column":67}},"29":{"start":{"line":72,"column":15},"end":{"line":72,"column":67}},"30":{"start":{"line":74,"column":6},"end":{"line":76,"column":7}},"31":{"start":{"line":75,"column":8},"end":{"line":75,"column":64}},"32":{"start":{"line":78,"column":6},"end":{"line":78,"column":46}},"33":{"start":{"line":86,"column":0},"end":{"line":111,"column":3}},"34":{"start":{"line":87,"column":14},"end":{"line":97,"column":3}},"35":{"start":{"line":99,"column":2},"end":{"line":110,"column":5}},"36":{"start":{"line":100,"column":4},"end":{"line":103,"column":5}},"37":{"start":{"line":101,"column":6},"end":{"line":101,"column":48}},"38":{"start":{"line":102,"column":6},"end":{"line":102,"column":58}},"39":{"start":{"line":105,"column":4},"end":{"line":107,"column":5}},"40":{"start":{"line":106,"column":6},"end":{"line":106,"column":64}},"41":{"start":{"line":109,"column":4},"end":{"line":109,"column":25}},"42":{"start":{"line":116,"column":0},"end":{"line":124,"column":3}},"43":{"start":{"line":117,"column":2},"end":{"line":123,"column":5}},"44":{"start":{"line":118,"column":4},"end":{"line":121,"column":5}},"45":{"start":{"line":119,"column":6},"end":{"line":119,"column":25}},"46":{"start":{"line":120,"column":6},"end":{"line":120,"column":63}},"47":{"start":{"line":122,"column":4},"end":{"line":122,"column":22}},"48":{"start":{"line":129,"column":0},"end":{"line":198,"column":3}},"49":{"start":{"line":130,"column":45},"end":{"line":130,"column":53}},"50":{"start":{"line":132,"column":2},"end":{"line":197,"column":3}},"51":{"start":{"line":134,"column":4},"end":{"line":184,"column":6}},"52":{"start":{"line":138,"column":8},"end":{"line":142,"column":9}},"53":{"start":{"line":139,"column":10},"end":{"line":141,"column":13}},"54":{"start":{"line":145,"column":27},"end":{"line":148,"column":10}},"55":{"start":{"line":150,"column":20},"end":{"line":150,"column":34}},"56":{"start":{"line":153,"column":8},"end":{"line":182,"column":10}},"57":{"start":{"line":157,"column":12},"end":{"line":160,"column":13}},"58":{"start":{"line":158,"column":14},"end":{"line":158,"column":34}},"59":{"start":{"line":159,"column":14},"end":{"line":159,"column":76}},"60":{"start":{"line":163,"column":12},"end":{"line":180,"column":14}},"61":{"start":{"line":167,"column":16},"end":{"line":170,"column":17}},"62":{"start":{"line":168,"column":18},"end":{"line":168,"column":38}},"63":{"start":{"line":169,"column":18},"end":{"line":169,"column":82}},"64":{"start":{"line":172,"column":16},"end":{"line":178,"column":19}},"65":{"start":{"line":186,"column":4},"end":{"line":186,"column":51}},"66":{"start":{"line":188,"column":4},"end":{"line":192,"column":5}},"67":{"start":{"line":189,"column":6},"end":{"line":191,"column":9}},"68":{"start":{"line":194,"column":4},"end":{"line":196,"column":7}},"69":{"start":{"line":204,"column":0},"end":{"line":247,"column":3}},"70":{"start":{"line":205,"column":23},"end":{"line":205,"column":46}},"71":{"start":{"line":207,"column":2},"end":{"line":246,"column":3}},"72":{"start":{"line":209,"column":4},"end":{"line":215,"column":5}},"73":{"start":{"line":210,"column":6},"end":{"line":210,"column":50}},"74":{"start":{"line":212,"column":6},"end":{"line":214,"column":7}},"75":{"start":{"line":213,"column":8},"end":{"line":213,"column":18}},"76":{"start":{"line":218,"column":4},"end":{"line":227,"column":7}},"77":{"start":{"line":219,"column":6},"end":{"line":226,"column":8}},"78":{"start":{"line":223,"column":10},"end":{"line":223,"column":38}},"79":{"start":{"line":223,"column":19},"end":{"line":223,"column":38}},"80":{"start":{"line":224,"column":10},"end":{"line":224,"column":26}},"81":{"start":{"line":230,"column":4},"end":{"line":239,"column":7}},"82":{"start":{"line":231,"column":6},"end":{"line":238,"column":8}},"83":{"start":{"line":235,"column":10},"end":{"line":235,"column":38}},"84":{"start":{"line":235,"column":19},"end":{"line":235,"column":38}},"85":{"start":{"line":236,"column":10},"end":{"line":236,"column":26}},"86":{"start":{"line":241,"column":4},"end":{"line":241,"column":32}},"87":{"start":{"line":244,"column":4},"end":{"line":244,"column":41}},"88":{"start":{"line":245,"column":4},"end":{"line":245,"column":49}},"89":{"start":{"line":248,"column":0},"end":{"line":248,"column":24}}},"fnMap":{"0":{"name":"verifyToken","decl":{"start":{"line":9,"column":9},"end":{"line":9,"column":20}},"loc":{"start":{"line":9,"column":37},"end":{"line":27,"column":1}},"line":9},"1":{"name":"(anonymous_1)","decl":{"start":{"line":19,"column":10},"end":{"line":19,"column":11}},"loc":{"start":{"line":19,"column":23},"end":{"line":23,"column":5}},"line":19},"2":{"name":"(anonymous_2)","decl":{"start":{"line":24,"column":11},"end":{"line":24,"column":12}},"loc":{"start":{"line":24,"column":17},"end":{"line":26,"column":5}},"line":24},"3":{"name":"(anonymous_3)","decl":{"start":{"line":32,"column":20},"end":{"line":32,"column":21}},"loc":{"start":{"line":32,"column":34},"end":{"line":41,"column":1}},"line":32},"4":{"name":"(anonymous_4)","decl":{"start":{"line":33,"column":42},"end":{"line":33,"column":43}},"loc":{"start":{"line":33,"column":60},"end":{"line":40,"column":3}},"line":33},"5":{"name":"(anonymous_5)","decl":{"start":{"line":46,"column":27},"end":{"line":46,"column":28}},"loc":{"start":{"line":46,"column":41},"end":{"line":60,"column":1}},"line":46},"6":{"name":"(anonymous_6)","decl":{"start":{"line":50,"column":4},"end":{"line":50,"column":5}},"loc":{"start":{"line":50,"column":22},"end":{"line":58,"column":5}},"line":50},"7":{"name":"(anonymous_7)","decl":{"start":{"line":65,"column":34},"end":{"line":65,"column":35}},"loc":{"start":{"line":65,"column":48},"end":{"line":81,"column":1}},"line":65},"8":{"name":"(anonymous_8)","decl":{"start":{"line":71,"column":4},"end":{"line":71,"column":5}},"loc":{"start":{"line":71,"column":21},"end":{"line":79,"column":5}},"line":71},"9":{"name":"(anonymous_9)","decl":{"start":{"line":86,"column":31},"end":{"line":86,"column":32}},"loc":{"start":{"line":86,"column":45},"end":{"line":111,"column":1}},"line":86},"10":{"name":"(anonymous_10)","decl":{"start":{"line":99,"column":29},"end":{"line":99,"column":30}},"loc":{"start":{"line":99,"column":47},"end":{"line":110,"column":3}},"line":99},"11":{"name":"(anonymous_11)","decl":{"start":{"line":116,"column":22},"end":{"line":116,"column":23}},"loc":{"start":{"line":116,"column":36},"end":{"line":124,"column":1}},"line":116},"12":{"name":"(anonymous_12)","decl":{"start":{"line":117,"column":42},"end":{"line":117,"column":43}},"loc":{"start":{"line":117,"column":60},"end":{"line":123,"column":3}},"line":117},"13":{"name":"(anonymous_13)","decl":{"start":{"line":129,"column":23},"end":{"line":129,"column":24}},"loc":{"start":{"line":129,"column":43},"end":{"line":198,"column":1}},"line":129},"14":{"name":"(anonymous_14)","decl":{"start":{"line":137,"column":6},"end":{"line":137,"column":7}},"loc":{"start":{"line":137,"column":31},"end":{"line":183,"column":7}},"line":137},"15":{"name":"(anonymous_15)","decl":{"start":{"line":156,"column":10},"end":{"line":156,"column":11}},"loc":{"start":{"line":156,"column":20},"end":{"line":181,"column":11}},"line":156},"16":{"name":"(anonymous_16)","decl":{"start":{"line":166,"column":14},"end":{"line":166,"column":15}},"loc":{"start":{"line":166,"column":24},"end":{"line":179,"column":15}},"line":166},"17":{"name":"(anonymous_17)","decl":{"start":{"line":204,"column":39},"end":{"line":204,"column":40}},"loc":{"start":{"line":204,"column":59},"end":{"line":247,"column":1}},"line":204},"18":{"name":"(anonymous_18)","decl":{"start":{"line":218,"column":22},"end":{"line":218,"column":23}},"loc":{"start":{"line":218,"column":43},"end":{"line":227,"column":5}},"line":218},"19":{"name":"(anonymous_19)","decl":{"start":{"line":222,"column":8},"end":{"line":222,"column":9}},"loc":{"start":{"line":222,"column":25},"end":{"line":225,"column":9}},"line":222},"20":{"name":"(anonymous_20)","decl":{"start":{"line":230,"column":22},"end":{"line":230,"column":23}},"loc":{"start":{"line":230,"column":43},"end":{"line":239,"column":5}},"line":230},"21":{"name":"(anonymous_21)","decl":{"start":{"line":234,"column":8},"end":{"line":234,"column":9}},"loc":{"start":{"line":234,"column":25},"end":{"line":237,"column":9}},"line":234}},"branchMap":{"0":{"loc":{"start":{"line":12,"column":2},"end":{"line":14,"column":3}},"type":"if","locations":[{"start":{"line":12,"column":2},"end":{"line":14,"column":3}},{"start":{},"end":{}}],"line":12},"1":{"loc":{"start":{"line":34,"column":4},"end":{"line":37,"column":5}},"type":"if","locations":[{"start":{"line":34,"column":4},"end":{"line":37,"column":5}},{"start":{},"end":{}}],"line":34},"2":{"loc":{"start":{"line":51,"column":6},"end":{"line":51,"column":67}},"type":"if","locations":[{"start":{"line":51,"column":6},"end":{"line":51,"column":67}},{"start":{},"end":{}}],"line":51},"3":{"loc":{"start":{"line":53,"column":6},"end":{"line":55,"column":7}},"type":"if","locations":[{"start":{"line":53,"column":6},"end":{"line":55,"column":7}},{"start":{},"end":{}}],"line":53},"4":{"loc":{"start":{"line":72,"column":6},"end":{"line":72,"column":67}},"type":"if","locations":[{"start":{"line":72,"column":6},"end":{"line":72,"column":67}},{"start":{},"end":{}}],"line":72},"5":{"loc":{"start":{"line":74,"column":6},"end":{"line":76,"column":7}},"type":"if","locations":[{"start":{"line":74,"column":6},"end":{"line":76,"column":7}},{"start":{},"end":{}}],"line":74},"6":{"loc":{"start":{"line":100,"column":4},"end":{"line":103,"column":5}},"type":"if","locations":[{"start":{"line":100,"column":4},"end":{"line":103,"column":5}},{"start":{},"end":{}}],"line":100},"7":{"loc":{"start":{"line":105,"column":4},"end":{"line":107,"column":5}},"type":"if","locations":[{"start":{"line":105,"column":4},"end":{"line":107,"column":5}},{"start":{},"end":{}}],"line":105},"8":{"loc":{"start":{"line":118,"column":4},"end":{"line":121,"column":5}},"type":"if","locations":[{"start":{"line":118,"column":4},"end":{"line":121,"column":5}},{"start":{},"end":{}}],"line":118},"9":{"loc":{"start":{"line":138,"column":8},"end":{"line":142,"column":9}},"type":"if","locations":[{"start":{"line":138,"column":8},"end":{"line":142,"column":9}},{"start":{},"end":{}}],"line":138},"10":{"loc":{"start":{"line":157,"column":12},"end":{"line":160,"column":13}},"type":"if","locations":[{"start":{"line":157,"column":12},"end":{"line":160,"column":13}},{"start":{},"end":{}}],"line":157},"11":{"loc":{"start":{"line":167,"column":16},"end":{"line":170,"column":17}},"type":"if","locations":[{"start":{"line":167,"column":16},"end":{"line":170,"column":17}},{"start":{},"end":{}}],"line":167},"12":{"loc":{"start":{"line":188,"column":4},"end":{"line":192,"column":5}},"type":"if","locations":[{"start":{"line":188,"column":4},"end":{"line":192,"column":5}},{"start":{},"end":{}}],"line":188},"13":{"loc":{"start":{"line":212,"column":6},"end":{"line":214,"column":7}},"type":"if","locations":[{"start":{"line":212,"column":6},"end":{"line":214,"column":7}},{"start":{},"end":{}}],"line":212},"14":{"loc":{"start":{"line":223,"column":10},"end":{"line":223,"column":38}},"type":"if","locations":[{"start":{"line":223,"column":10},"end":{"line":223,"column":38}},{"start":{},"end":{}}],"line":223},"15":{"loc":{"start":{"line":235,"column":10},"end":{"line":235,"column":38}},"type":"if","locations":[{"start":{"line":235,"column":10},"end":{"line":235,"column":38}},{"start":{},"end":{}}],"line":235}},"s":{"0":2,"1":2,"2":2,"3":2,"4":0,"5":0,"6":0,"7":0,"8":0,"9":0,"10":0,"11":0,"12":2,"13":1,"14":1,"15":0,"16":0,"17":1,"18":2,"19":0,"20":0,"21":0,"22":0,"23":0,"24":0,"25":2,"26":2,"27":2,"28":2,"29":0,"30":2,"31":0,"32":2,"33":2,"34":0,"35":0,"36":0,"37":0,"38":0,"39":0,"40":0,"41":0,"42":2,"43":1,"44":1,"45":0,"46":0,"47":1,"48":2,"49":1,"50":1,"51":1,"52":1,"53":0,"54":1,"55":1,"56":1,"57":1,"58":0,"59":0,"60":1,"61":1,"62":0,"63":0,"64":1,"65":0,"66":0,"67":0,"68":0,"69":2,"70":1,"71":1,"72":1,"73":1,"74":0,"75":0,"76":1,"77":1,"78":1,"79":0,"80":1,"81":1,"82":1,"83":1,"84":0,"85":1,"86":1,"87":0,"88":0,"89":2},"f":{"0":0,"1":0,"2":0,"3":1,"4":1,"5":0,"6":0,"7":2,"8":2,"9":0,"10":0,"11":1,"12":1,"13":1,"14":1,"15":1,"16":1,"17":1,"18":1,"19":1,"20":1,"21":1},"b":{"0":[0,0],"1":[0,1],"2":[0,0],"3":[0,0],"4":[0,2],"5":[0,2],"6":[0,0],"7":[0,0],"8":[0,1],"9":[0,1],"10":[0,1],"11":[0,1],"12":[0,0],"13":[0,0],"14":[0,1],"15":[0,1]},"_coverageSchema":"1a1c01bbd47fc00a2c39e90264f33305004495a9","hash":"d48b72ad48790a7f14ff8f62eccb7fa7a294cc76"}
,"C:\\SD_Assign\\Code-Crafters\\backend\\routes\\admin_profile.js": {"path":"C:\\SD_Assign\\Code-Crafters\\backend\\routes\\admin_profile.js","statementMap":{"0":{"start":{"line":1,"column":16},"end":{"line":1,"column":34}},"1":{"start":{"line":2,"column":15},"end":{"line":2,"column":31}},"2":{"start":{"line":3,"column":11},"end":{"line":3,"column":27}},"3":{"start":{"line":8,"column":0},"end":{"line":22,"column":3}},"4":{"start":{"line":9,"column":35},"end":{"line":9,"column":43}},"5":{"start":{"line":11,"column":14},"end":{"line":15,"column":3}},"6":{"start":{"line":17,"column":2},"end":{"line":21,"column":5}},"7":{"start":{"line":18,"column":4},"end":{"line":18,"column":65}},"8":{"start":{"line":18,"column":13},"end":{"line":18,"column":65}},"9":{"start":{"line":20,"column":4},"end":{"line":20,"column":45}},"10":{"start":{"line":26,"column":0},"end":{"line":41,"column":3}},"11":{"start":{"line":27,"column":14},"end":{"line":27,"column":59}},"12":{"start":{"line":29,"column":2},"end":{"line":40,"column":5}},"13":{"start":{"line":30,"column":4},"end":{"line":33,"column":5}},"14":{"start":{"line":31,"column":6},"end":{"line":31,"column":69}},"15":{"start":{"line":32,"column":6},"end":{"line":32,"column":58}},"16":{"start":{"line":35,"column":4},"end":{"line":37,"column":5}},"17":{"start":{"line":36,"column":6},"end":{"line":36,"column":72}},"18":{"start":{"line":39,"column":4},"end":{"line":39,"column":25}},"19":{"start":{"line":44,"column":0},"end":{"line":44,"column":24}}},"fnMap":{"0":{"name":"(anonymous_0)","decl":{"start":{"line":8,"column":16},"end":{"line":8,"column":17}},"loc":{"start":{"line":8,"column":30},"end":{"line":22,"column":1}},"line":8},"1":{"name":"(anonymous_1)","decl":{"start":{"line":17,"column":40},"end":{"line":17,"column":41}},"loc":{"start":{"line":17,"column":49},"end":{"line":21,"column":3}},"line":17},"2":{"name":"(anonymous_2)","decl":{"start":{"line":26,"column":22},"end":{"line":26,"column":23}},"loc":{"start":{"line":26,"column":36},"end":{"line":41,"column":1}},"line":26},"3":{"name":"(anonymous_3)","decl":{"start":{"line":29,"column":36},"end":{"line":29,"column":37}},"loc":{"start":{"line":29,"column":54},"end":{"line":40,"column":3}},"line":29}},"branchMap":{"0":{"loc":{"start":{"line":18,"column":4},"end":{"line":18,"column":65}},"type":"if","locations":[{"start":{"line":18,"column":4},"end":{"line":18,"column":65}},{"start":{},"end":{}}],"line":18},"1":{"loc":{"start":{"line":30,"column":4},"end":{"line":33,"column":5}},"type":"if","locations":[{"start":{"line":30,"column":4},"end":{"line":33,"column":5}},{"start":{},"end":{}}],"line":30},"2":{"loc":{"start":{"line":35,"column":4},"end":{"line":37,"column":5}},"type":"if","locations":[{"start":{"line":35,"column":4},"end":{"line":37,"column":5}},{"start":{},"end":{}}],"line":35}},"s":{"0":2,"1":2,"2":2,"3":2,"4":0,"5":0,"6":0,"7":0,"8":0,"9":0,"10":2,"11":0,"12":0,"13":0,"14":0,"15":0,"16":0,"17":0,"18":0,"19":2},"f":{"0":0,"1":0,"2":0,"3":0},"b":{"0":[0,0],"1":[0,0],"2":[0,0]},"_coverageSchema":"1a1c01bbd47fc00a2c39e90264f33305004495a9","hash":"8ffb8ccd76902dec6332dbe0698263b54dfe9b51"}
,"C:\\SD_Assign\\Code-Crafters\\backend\\routes\\applications.js": {"path":"C:\\SD_Assign\\Code-Crafters\\backend\\routes\\applications.js","statementMap":{"0":{"start":{"line":1,"column":16},"end":{"line":1,"column":34}},"1":{"start":{"line":2,"column":15},"end":{"line":2,"column":31}},"2":{"start":{"line":3,"column":11},"end":{"line":3,"column":27}},"3":{"start":{"line":4,"column":31},"end":{"line":4,"column":57}},"4":{"start":{"line":8,"column":2},"end":{"line":12,"column":5}},"5":{"start":{"line":9,"column":4},"end":{"line":9,"column":40}},"6":{"start":{"line":9,"column":13},"end":{"line":9,"column":40}},"7":{"start":{"line":10,"column":4},"end":{"line":10,"column":81}},"8":{"start":{"line":10,"column":30},"end":{"line":10,"column":81}},"9":{"start":{"line":11,"column":4},"end":{"line":11,"column":34}},"10":{"start":{"line":16,"column":0},"end":{"line":82,"column":3}},"11":{"start":{"line":17,"column":46},"end":{"line":17,"column":54}},"12":{"start":{"line":19,"column":2},"end":{"line":21,"column":3}},"13":{"start":{"line":20,"column":4},"end":{"line":20,"column":94}},"14":{"start":{"line":24,"column":2},"end":{"line":81,"column":5}},"15":{"start":{"line":25,"column":4},"end":{"line":28,"column":5}},"16":{"start":{"line":26,"column":6},"end":{"line":26,"column":56}},"17":{"start":{"line":27,"column":6},"end":{"line":27,"column":58}},"18":{"start":{"line":31,"column":21},"end":{"line":34,"column":5}},"19":{"start":{"line":36,"column":4},"end":{"line":80,"column":7}},"20":{"start":{"line":37,"column":6},"end":{"line":40,"column":7}},"21":{"start":{"line":38,"column":8},"end":{"line":38,"column":69}},"22":{"start":{"line":39,"column":8},"end":{"line":39,"column":60}},"23":{"start":{"line":42,"column":6},"end":{"line":44,"column":7}},"24":{"start":{"line":43,"column":8},"end":{"line":43,"column":68}},"25":{"start":{"line":47,"column":24},"end":{"line":50,"column":7}},"26":{"start":{"line":52,"column":6},"end":{"line":79,"column":9}},"27":{"start":{"line":53,"column":8},"end":{"line":56,"column":9}},"28":{"start":{"line":54,"column":10},"end":{"line":54,"column":69}},"29":{"start":{"line":55,"column":10},"end":{"line":55,"column":62}},"30":{"start":{"line":59,"column":8},"end":{"line":78,"column":11}},"31":{"start":{"line":60,"column":10},"end":{"line":60,"column":71}},"32":{"start":{"line":60,"column":19},"end":{"line":60,"column":71}},"33":{"start":{"line":62,"column":10},"end":{"line":76,"column":14}},"34":{"start":{"line":68,"column":16},"end":{"line":74,"column":17}},"35":{"start":{"line":69,"column":20},"end":{"line":73,"column":22}},"36":{"start":{"line":77,"column":10},"end":{"line":77,"column":40}},"37":{"start":{"line":85,"column":0},"end":{"line":125,"column":3}},"38":{"start":{"line":86,"column":18},"end":{"line":86,"column":54}},"39":{"start":{"line":89,"column":2},"end":{"line":124,"column":5}},"40":{"start":{"line":90,"column":4},"end":{"line":93,"column":5}},"41":{"start":{"line":91,"column":6},"end":{"line":91,"column":56}},"42":{"start":{"line":92,"column":6},"end":{"line":92,"column":58}},"43":{"start":{"line":96,"column":16},"end":{"line":115,"column":5}},"44":{"start":{"line":117,"column":4},"end":{"line":123,"column":7}},"45":{"start":{"line":118,"column":6},"end":{"line":121,"column":7}},"46":{"start":{"line":119,"column":8},"end":{"line":119,"column":70}},"47":{"start":{"line":120,"column":8},"end":{"line":120,"column":60}},"48":{"start":{"line":122,"column":6},"end":{"line":122,"column":24}},"49":{"start":{"line":128,"column":0},"end":{"line":157,"column":3}},"50":{"start":{"line":129,"column":14},"end":{"line":148,"column":3}},"51":{"start":{"line":150,"column":2},"end":{"line":156,"column":5}},"52":{"start":{"line":151,"column":4},"end":{"line":154,"column":5}},"53":{"start":{"line":152,"column":6},"end":{"line":152,"column":84}},"54":{"start":{"line":153,"column":6},"end":{"line":153,"column":58}},"55":{"start":{"line":155,"column":4},"end":{"line":155,"column":22}},"56":{"start":{"line":160,"column":0},"end":{"line":190,"column":3}},"57":{"start":{"line":161,"column":21},"end":{"line":161,"column":29}},"58":{"start":{"line":163,"column":18},"end":{"line":163,"column":53}},"59":{"start":{"line":164,"column":2},"end":{"line":166,"column":3}},"60":{"start":{"line":165,"column":4},"end":{"line":165,"column":91}},"61":{"start":{"line":168,"column":14},"end":{"line":168,"column":63}},"62":{"start":{"line":170,"column":2},"end":{"line":189,"column":5}},"63":{"start":{"line":171,"column":4},"end":{"line":174,"column":5}},"64":{"start":{"line":172,"column":6},"end":{"line":172,"column":74}},"65":{"start":{"line":173,"column":6},"end":{"line":173,"column":58}},"66":{"start":{"line":175,"column":4},"end":{"line":175,"column":99}},"67":{"start":{"line":175,"column":35},"end":{"line":175,"column":99}},"68":{"start":{"line":178,"column":4},"end":{"line":186,"column":7}},"69":{"start":{"line":179,"column":6},"end":{"line":185,"column":7}},"70":{"start":{"line":180,"column":8},"end":{"line":184,"column":10}},"71":{"start":{"line":188,"column":4},"end":{"line":188,"column":69}},"72":{"start":{"line":193,"column":0},"end":{"line":204,"column":3}},"73":{"start":{"line":194,"column":14},"end":{"line":194,"column":68}},"74":{"start":{"line":196,"column":2},"end":{"line":203,"column":5}},"75":{"start":{"line":197,"column":4},"end":{"line":200,"column":5}},"76":{"start":{"line":198,"column":6},"end":{"line":198,"column":75}},"77":{"start":{"line":199,"column":6},"end":{"line":199,"column":58}},"78":{"start":{"line":201,"column":4},"end":{"line":201,"column":100}},"79":{"start":{"line":201,"column":35},"end":{"line":201,"column":100}},"80":{"start":{"line":202,"column":4},"end":{"line":202,"column":57}},"81":{"start":{"line":206,"column":0},"end":{"line":206,"column":24}}},"fnMap":{"0":{"name":"getUserIdByEmail","decl":{"start":{"line":7,"column":9},"end":{"line":7,"column":25}},"loc":{"start":{"line":7,"column":43},"end":{"line":13,"column":1}},"line":7},"1":{"name":"(anonymous_1)","decl":{"start":{"line":8,"column":60},"end":{"line":8,"column":61}},"loc":{"start":{"line":8,"column":78},"end":{"line":12,"column":3}},"line":8},"2":{"name":"(anonymous_2)","decl":{"start":{"line":16,"column":17},"end":{"line":16,"column":18}},"loc":{"start":{"line":16,"column":31},"end":{"line":82,"column":1}},"line":16},"3":{"name":"(anonymous_3)","decl":{"start":{"line":24,"column":36},"end":{"line":24,"column":37}},"loc":{"start":{"line":24,"column":59},"end":{"line":81,"column":3}},"line":24},"4":{"name":"(anonymous_4)","decl":{"start":{"line":36,"column":55},"end":{"line":36,"column":56}},"loc":{"start":{"line":36,"column":73},"end":{"line":80,"column":5}},"line":36},"5":{"name":"(anonymous_5)","decl":{"start":{"line":52,"column":75},"end":{"line":52,"column":76}},"loc":{"start":{"line":52,"column":92},"end":{"line":79,"column":7}},"line":52},"6":{"name":"(anonymous_6)","decl":{"start":{"line":59,"column":79},"end":{"line":59,"column":80}},"loc":{"start":{"line":59,"column":94},"end":{"line":78,"column":9}},"line":59},"7":{"name":"(anonymous_7)","decl":{"start":{"line":67,"column":16},"end":{"line":67,"column":17}},"loc":{"start":{"line":67,"column":39},"end":{"line":75,"column":17}},"line":67},"8":{"name":"(anonymous_8)","decl":{"start":{"line":72,"column":20},"end":{"line":72,"column":21}},"loc":{"start":{"line":72,"column":26},"end":{"line":72,"column":28}},"line":72},"9":{"name":"(anonymous_9)","decl":{"start":{"line":85,"column":22},"end":{"line":85,"column":23}},"loc":{"start":{"line":85,"column":36},"end":{"line":125,"column":1}},"line":85},"10":{"name":"(anonymous_10)","decl":{"start":{"line":89,"column":26},"end":{"line":89,"column":27}},"loc":{"start":{"line":89,"column":49},"end":{"line":124,"column":3}},"line":89},"11":{"name":"(anonymous_11)","decl":{"start":{"line":117,"column":34},"end":{"line":117,"column":35}},"loc":{"start":{"line":117,"column":52},"end":{"line":123,"column":5}},"line":117},"12":{"name":"(anonymous_12)","decl":{"start":{"line":128,"column":33},"end":{"line":128,"column":34}},"loc":{"start":{"line":128,"column":47},"end":{"line":157,"column":1}},"line":128},"13":{"name":"(anonymous_13)","decl":{"start":{"line":150,"column":33},"end":{"line":150,"column":34}},"loc":{"start":{"line":150,"column":51},"end":{"line":156,"column":3}},"line":150},"14":{"name":"(anonymous_14)","decl":{"start":{"line":160,"column":28},"end":{"line":160,"column":29}},"loc":{"start":{"line":160,"column":42},"end":{"line":190,"column":1}},"line":160},"15":{"name":"(anonymous_15)","decl":{"start":{"line":170,"column":41},"end":{"line":170,"column":42}},"loc":{"start":{"line":170,"column":58},"end":{"line":189,"column":3}},"line":170},"16":{"name":"(anonymous_16)","decl":{"start":{"line":178,"column":87},"end":{"line":178,"column":88}},"loc":{"start":{"line":178,"column":102},"end":{"line":186,"column":5}},"line":178},"17":{"name":"(anonymous_17)","decl":{"start":{"line":183,"column":10},"end":{"line":183,"column":11}},"loc":{"start":{"line":183,"column":16},"end":{"line":183,"column":18}},"line":183},"18":{"name":"(anonymous_18)","decl":{"start":{"line":193,"column":24},"end":{"line":193,"column":25}},"loc":{"start":{"line":193,"column":38},"end":{"line":204,"column":1}},"line":193},"19":{"name":"(anonymous_19)","decl":{"start":{"line":196,"column":33},"end":{"line":196,"column":34}},"loc":{"start":{"line":196,"column":50},"end":{"line":203,"column":3}},"line":196}},"branchMap":{"0":{"loc":{"start":{"line":9,"column":4},"end":{"line":9,"column":40}},"type":"if","locations":[{"start":{"line":9,"column":4},"end":{"line":9,"column":40}},{"start":{},"end":{}}],"line":9},"1":{"loc":{"start":{"line":10,"column":4},"end":{"line":10,"column":81}},"type":"if","locations":[{"start":{"line":10,"column":4},"end":{"line":10,"column":81}},{"start":{},"end":{}}],"line":10},"2":{"loc":{"start":{"line":19,"column":2},"end":{"line":21,"column":3}},"type":"if","locations":[{"start":{"line":19,"column":2},"end":{"line":21,"column":3}},{"start":{},"end":{}}],"line":19},"3":{"loc":{"start":{"line":19,"column":6},"end":{"line":19,"column":41}},"type":"binary-expr","locations":[{"start":{"line":19,"column":6},"end":{"line":19,"column":22}},{"start":{"line":19,"column":26},"end":{"line":19,"column":41}}],"line":19},"4":{"loc":{"start":{"line":25,"column":4},"end":{"line":28,"column":5}},"type":"if","locations":[{"start":{"line":25,"column":4},"end":{"line":28,"column":5}},{"start":{},"end":{}}],"line":25},"5":{"loc":{"start":{"line":37,"column":6},"end":{"line":40,"column":7}},"type":"if","locations":[{"start":{"line":37,"column":6},"end":{"line":40,"column":7}},{"start":{},"end":{}}],"line":37},"6":{"loc":{"start":{"line":42,"column":6},"end":{"line":44,"column":7}},"type":"if","locations":[{"start":{"line":42,"column":6},"end":{"line":44,"column":7}},{"start":{},"end":{}}],"line":42},"7":{"loc":{"start":{"line":53,"column":8},"end":{"line":56,"column":9}},"type":"if","locations":[{"start":{"line":53,"column":8},"end":{"line":56,"column":9}},{"start":{},"end":{}}],"line":53},"8":{"loc":{"start":{"line":60,"column":10},"end":{"line":60,"column":71}},"type":"if","locations":[{"start":{"line":60,"column":10},"end":{"line":60,"column":71}},{"start":{},"end":{}}],"line":60},"9":{"loc":{"start":{"line":68,"column":16},"end":{"line":74,"column":17}},"type":"if","locations":[{"start":{"line":68,"column":16},"end":{"line":74,"column":17}},{"start":{},"end":{}}],"line":68},"10":{"loc":{"start":{"line":68,"column":20},"end":{"line":68,"column":51}},"type":"binary-expr","locations":[{"start":{"line":68,"column":20},"end":{"line":68,"column":24}},{"start":{"line":68,"column":28},"end":{"line":68,"column":51}}],"line":68},"11":{"loc":{"start":{"line":90,"column":4},"end":{"line":93,"column":5}},"type":"if","locations":[{"start":{"line":90,"column":4},"end":{"line":93,"column":5}},{"start":{},"end":{}}],"line":90},"12":{"loc":{"start":{"line":118,"column":6},"end":{"line":121,"column":7}},"type":"if","locations":[{"start":{"line":118,"column":6},"end":{"line":121,"column":7}},{"start":{},"end":{}}],"line":118},"13":{"loc":{"start":{"line":151,"column":4},"end":{"line":154,"column":5}},"type":"if","locations":[{"start":{"line":151,"column":4},"end":{"line":154,"column":5}},{"start":{},"end":{}}],"line":151},"14":{"loc":{"start":{"line":164,"column":2},"end":{"line":166,"column":3}},"type":"if","locations":[{"start":{"line":164,"column":2},"end":{"line":166,"column":3}},{"start":{},"end":{}}],"line":164},"15":{"loc":{"start":{"line":164,"column":6},"end":{"line":164,"column":42}},"type":"binary-expr","locations":[{"start":{"line":164,"column":6},"end":{"line":164,"column":13}},{"start":{"line":164,"column":17},"end":{"line":164,"column":42}}],"line":164},"16":{"loc":{"start":{"line":171,"column":4},"end":{"line":174,"column":5}},"type":"if","locations":[{"start":{"line":171,"column":4},"end":{"line":174,"column":5}},{"start":{},"end":{}}],"line":171},"17":{"loc":{"start":{"line":175,"column":4},"end":{"line":175,"column":99}},"type":"if","locations":[{"start":{"line":175,"column":4},"end":{"line":175,"column":99}},{"start":{},"end":{}}],"line":175},"18":{"loc":{"start":{"line":179,"column":6},"end":{"line":185,"column":7}},"type":"if","locations":[{"start":{"line":179,"column":6},"end":{"line":185,"column":7}},{"start":{},"end":{}}],"line":179},"19":{"loc":{"start":{"line":179,"column":10},"end":{"line":179,"column":33}},"type":"binary-expr","locations":[{"start":{"line":179,"column":10},"end":{"line":179,"column":14}},{"start":{"line":179,"column":18},"end":{"line":179,"column":33}}],"line":179},"20":{"loc":{"start":{"line":197,"column":4},"end":{"line":200,"column":5}},"type":"if","locations":[{"start":{"line":197,"column":4},"end":{"line":200,"column":5}},{"start":{},"end":{}}],"line":197},"21":{"loc":{"start":{"line":201,"column":4},"end":{"line":201,"column":100}},"type":"if","locations":[{"start":{"line":201,"column":4},"end":{"line":201,"column":100}},{"start":{},"end":{}}],"line":201}},"s":{"0":2,"1":2,"2":2,"3":2,"4":0,"5":0,"6":0,"7":0,"8":0,"9":0,"10":2,"11":0,"12":0,"13":0,"14":0,"15":0,"16":0,"17":0,"18":0,"19":0,"20":0,"21":0,"22":0,"23":0,"24":0,"25":0,"26":0,"27":0,"28":0,"29":0,"30":0,"31":0,"32":0,"33":0,"34":0,"35":0,"36":0,"37":2,"38":0,"39":0,"40":0,"41":0,"42":0,"43":0,"44":0,"45":0,"46":0,"47":0,"48":0,"49":2,"50":0,"51":0,"52":0,"53":0,"54":0,"55":0,"56":2,"57":0,"58":0,"59":0,"60":0,"61":0,"62":0,"63":0,"64":0,"65":0,"66":0,"67":0,"68":0,"69":0,"70":0,"71":0,"72":2,"73":0,"74":0,"75":0,"76":0,"77":0,"78":0,"79":0,"80":0,"81":2},"f":{"0":0,"1":0,"2":0,"3":0,"4":0,"5":0,"6":0,"7":0,"8":0,"9":0,"10":0,"11":0,"12":0,"13":0,"14":0,"15":0,"16":0,"17":0,"18":0,"19":0},"b":{"0":[0,0],"1":[0,0],"2":[0,0],"3":[0,0],"4":[0,0],"5":[0,0],"6":[0,0],"7":[0,0],"8":[0,0],"9":[0,0],"10":[0,0],"11":[0,0],"12":[0,0],"13":[0,0],"14":[0,0],"15":[0,0],"16":[0,0],"17":[0,0],"18":[0,0],"19":[0,0],"20":[0,0],"21":[0,0]},"_coverageSchema":"1a1c01bbd47fc00a2c39e90264f33305004495a9","hash":"b308c32d6b2bae5e2b0ce31b18bd297cca4703e5"}
,"C:\\SD_Assign\\Code-Crafters\\backend\\routes\\login.js": {"path":"C:\\SD_Assign\\Code-Crafters\\backend\\routes\\login.js","statementMap":{"0":{"start":{"line":1,"column":16},"end":{"line":1,"column":34}},"1":{"start":{"line":2,"column":15},"end":{"line":2,"column":31}},"2":{"start":{"line":3,"column":14},"end":{"line":3,"column":39}},"3":{"start":{"line":4,"column":11},"end":{"line":4,"column":27}},"4":{"start":{"line":11,"column":16},"end":{"line":11,"column":62}},"5":{"start":{"line":13,"column":2},"end":{"line":15,"column":3}},"6":{"start":{"line":14,"column":4},"end":{"line":14,"column":64}},"7":{"start":{"line":17,"column":2},"end":{"line":27,"column":7}},"8":{"start":{"line":21,"column":6},"end":{"line":21,"column":28}},"9":{"start":{"line":22,"column":6},"end":{"line":22,"column":32}},"10":{"start":{"line":23,"column":6},"end":{"line":23,"column":13}},"11":{"start":{"line":26,"column":6},"end":{"line":26,"column":55}},"12":{"start":{"line":34,"column":0},"end":{"line":62,"column":3}},"13":{"start":{"line":35,"column":25},"end":{"line":35,"column":28}},"14":{"start":{"line":37,"column":14},"end":{"line":41,"column":3}},"15":{"start":{"line":43,"column":2},"end":{"line":61,"column":5}},"16":{"start":{"line":44,"column":4},"end":{"line":47,"column":5}},"17":{"start":{"line":45,"column":6},"end":{"line":45,"column":41}},"18":{"start":{"line":46,"column":6},"end":{"line":46,"column":57}},"19":{"start":{"line":49,"column":4},"end":{"line":60,"column":6}},"20":{"start":{"line":53,"column":8},"end":{"line":56,"column":9}},"21":{"start":{"line":54,"column":10},"end":{"line":54,"column":45}},"22":{"start":{"line":55,"column":10},"end":{"line":55,"column":61}},"23":{"start":{"line":58,"column":8},"end":{"line":58,"column":26}},"24":{"start":{"line":64,"column":0},"end":{"line":64,"column":24}}},"fnMap":{"0":{"name":"verifyToken","decl":{"start":{"line":10,"column":9},"end":{"line":10,"column":20}},"loc":{"start":{"line":10,"column":37},"end":{"line":28,"column":1}},"line":10},"1":{"name":"(anonymous_1)","decl":{"start":{"line":20,"column":10},"end":{"line":20,"column":11}},"loc":{"start":{"line":20,"column":23},"end":{"line":24,"column":5}},"line":20},"2":{"name":"(anonymous_2)","decl":{"start":{"line":25,"column":11},"end":{"line":25,"column":12}},"loc":{"start":{"line":25,"column":17},"end":{"line":27,"column":5}},"line":25},"3":{"name":"(anonymous_3)","decl":{"start":{"line":34,"column":35},"end":{"line":34,"column":36}},"loc":{"start":{"line":34,"column":49},"end":{"line":62,"column":1}},"line":34},"4":{"name":"(anonymous_4)","decl":{"start":{"line":43,"column":30},"end":{"line":43,"column":31}},"loc":{"start":{"line":43,"column":39},"end":{"line":61,"column":3}},"line":43},"5":{"name":"(anonymous_5)","decl":{"start":{"line":52,"column":6},"end":{"line":52,"column":7}},"loc":{"start":{"line":52,"column":21},"end":{"line":59,"column":7}},"line":52}},"branchMap":{"0":{"loc":{"start":{"line":13,"column":2},"end":{"line":15,"column":3}},"type":"if","locations":[{"start":{"line":13,"column":2},"end":{"line":15,"column":3}},{"start":{},"end":{}}],"line":13},"1":{"loc":{"start":{"line":44,"column":4},"end":{"line":47,"column":5}},"type":"if","locations":[{"start":{"line":44,"column":4},"end":{"line":47,"column":5}},{"start":{},"end":{}}],"line":44},"2":{"loc":{"start":{"line":53,"column":8},"end":{"line":56,"column":9}},"type":"if","locations":[{"start":{"line":53,"column":8},"end":{"line":56,"column":9}},{"start":{},"end":{}}],"line":53}},"s":{"0":2,"1":2,"2":2,"3":2,"4":0,"5":0,"6":0,"7":0,"8":0,"9":0,"10":0,"11":0,"12":2,"13":0,"14":0,"15":0,"16":0,"17":0,"18":0,"19":0,"20":0,"21":0,"22":0,"23":0,"24":2},"f":{"0":0,"1":0,"2":0,"3":0,"4":0,"5":0},"b":{"0":[0,0],"1":[0,0],"2":[0,0]},"_coverageSchema":"1a1c01bbd47fc00a2c39e90264f33305004495a9","hash":"84c006fe1dd9118a8f0f05bee922aeea33247c2a"}
,"C:\\SD_Assign\\Code-Crafters\\backend\\routes\\notifications.js": {"path":"C:\\SD_Assign\\Code-Crafters\\backend\\routes\\notifications.js","statementMap":{"0":{"start":{"line":1,"column":16},"end":{"line":1,"column":34}},"1":{"start":{"line":2,"column":15},"end":{"line":2,"column":31}},"2":{"start":{"line":3,"column":11},"end":{"line":3,"column":27}},"3":{"start":{"line":7,"column":2},"end":{"line":11,"column":4}},"4":{"start":{"line":15,"column":0},"end":{"line":29,"column":3}},"5":{"start":{"line":16,"column":34},"end":{"line":16,"column":42}},"6":{"start":{"line":18,"column":2},"end":{"line":20,"column":3}},"7":{"start":{"line":19,"column":4},"end":{"line":19,"column":82}},"8":{"start":{"line":22,"column":2},"end":{"line":28,"column":5}},"9":{"start":{"line":23,"column":4},"end":{"line":26,"column":5}},"10":{"start":{"line":24,"column":6},"end":{"line":24,"column":68}},"11":{"start":{"line":25,"column":6},"end":{"line":25,"column":58}},"12":{"start":{"line":27,"column":4},"end":{"line":27,"column":75}},"13":{"start":{"line":32,"column":0},"end":{"line":46,"column":3}},"14":{"start":{"line":33,"column":14},"end":{"line":37,"column":3}},"15":{"start":{"line":39,"column":2},"end":{"line":45,"column":5}},"16":{"start":{"line":40,"column":4},"end":{"line":43,"column":5}},"17":{"start":{"line":41,"column":6},"end":{"line":41,"column":69}},"18":{"start":{"line":42,"column":6},"end":{"line":42,"column":58}},"19":{"start":{"line":44,"column":4},"end":{"line":44,"column":22}},"20":{"start":{"line":49,"column":0},"end":{"line":60,"column":3}},"21":{"start":{"line":50,"column":14},"end":{"line":50,"column":68}},"22":{"start":{"line":52,"column":2},"end":{"line":59,"column":5}},"23":{"start":{"line":53,"column":4},"end":{"line":56,"column":5}},"24":{"start":{"line":54,"column":6},"end":{"line":54,"column":75}},"25":{"start":{"line":55,"column":6},"end":{"line":55,"column":58}},"26":{"start":{"line":57,"column":4},"end":{"line":57,"column":100}},"27":{"start":{"line":57,"column":35},"end":{"line":57,"column":100}},"28":{"start":{"line":58,"column":4},"end":{"line":58,"column":57}},"29":{"start":{"line":62,"column":0},"end":{"line":62,"column":24}},"30":{"start":{"line":63,"column":0},"end":{"line":63,"column":55}}},"fnMap":{"0":{"name":"createNotification","decl":{"start":{"line":6,"column":9},"end":{"line":6,"column":27}},"loc":{"start":{"line":6,"column":59},"end":{"line":12,"column":1}},"line":6},"1":{"name":"(anonymous_1)","decl":{"start":{"line":15,"column":17},"end":{"line":15,"column":18}},"loc":{"start":{"line":15,"column":31},"end":{"line":29,"column":1}},"line":15},"2":{"name":"(anonymous_2)","decl":{"start":{"line":22,"column":42},"end":{"line":22,"column":43}},"loc":{"start":{"line":22,"column":51},"end":{"line":28,"column":3}},"line":22},"3":{"name":"(anonymous_3)","decl":{"start":{"line":32,"column":27},"end":{"line":32,"column":28}},"loc":{"start":{"line":32,"column":41},"end":{"line":46,"column":1}},"line":32},"4":{"name":"(anonymous_4)","decl":{"start":{"line":39,"column":41},"end":{"line":39,"column":42}},"loc":{"start":{"line":39,"column":59},"end":{"line":45,"column":3}},"line":39},"5":{"name":"(anonymous_5)","decl":{"start":{"line":49,"column":26},"end":{"line":49,"column":27}},"loc":{"start":{"line":49,"column":40},"end":{"line":60,"column":1}},"line":49},"6":{"name":"(anonymous_6)","decl":{"start":{"line":52,"column":33},"end":{"line":52,"column":34}},"loc":{"start":{"line":52,"column":50},"end":{"line":59,"column":3}},"line":52}},"branchMap":{"0":{"loc":{"start":{"line":18,"column":2},"end":{"line":20,"column":3}},"type":"if","locations":[{"start":{"line":18,"column":2},"end":{"line":20,"column":3}},{"start":{},"end":{}}],"line":18},"1":{"loc":{"start":{"line":18,"column":6},"end":{"line":18,"column":29}},"type":"binary-expr","locations":[{"start":{"line":18,"column":6},"end":{"line":18,"column":17}},{"start":{"line":18,"column":21},"end":{"line":18,"column":29}}],"line":18},"2":{"loc":{"start":{"line":23,"column":4},"end":{"line":26,"column":5}},"type":"if","locations":[{"start":{"line":23,"column":4},"end":{"line":26,"column":5}},{"start":{},"end":{}}],"line":23},"3":{"loc":{"start":{"line":40,"column":4},"end":{"line":43,"column":5}},"type":"if","locations":[{"start":{"line":40,"column":4},"end":{"line":43,"column":5}},{"start":{},"end":{}}],"line":40},"4":{"loc":{"start":{"line":53,"column":4},"end":{"line":56,"column":5}},"type":"if","locations":[{"start":{"line":53,"column":4},"end":{"line":56,"column":5}},{"start":{},"end":{}}],"line":53},"5":{"loc":{"start":{"line":57,"column":4},"end":{"line":57,"column":100}},"type":"if","locations":[{"start":{"line":57,"column":4},"end":{"line":57,"column":100}},{"start":{},"end":{}}],"line":57}},"s":{"0":2,"1":2,"2":2,"3":0,"4":2,"5":0,"6":0,"7":0,"8":0,"9":0,"10":0,"11":0,"12":0,"13":2,"14":0,"15":0,"16":0,"17":0,"18":0,"19":0,"20":2,"21":0,"22":0,"23":0,"24":0,"25":0,"26":0,"27":0,"28":0,"29":2,"30":2},"f":{"0":0,"1":0,"2":0,"3":0,"4":0,"5":0,"6":0},"b":{"0":[0,0],"1":[0,0],"2":[0,0],"3":[0,0],"4":[0,0],"5":[0,0]},"_coverageSchema":"1a1c01bbd47fc00a2c39e90264f33305004495a9","hash":"75b5f36644b3d404f4582987893402b7351b3ccc"}
,"C:\\SD_Assign\\Code-Crafters\\backend\\routes\\opportunities.js": {"path":"C:\\SD_Assign\\Code-Crafters\\backend\\routes\\opportunities.js","statementMap":{"0":{"start":{"line":1,"column":16},"end":{"line":1,"column":34}},"1":{"start":{"line":2,"column":15},"end":{"line":2,"column":31}},"2":{"start":{"line":3,"column":11},"end":{"line":3,"column":27}},"3":{"start":{"line":6,"column":0},"end":{"line":35,"column":3}},"4":{"start":{"line":7,"column":2},"end":{"line":7,"column":40}},"5":{"start":{"line":19,"column":6},"end":{"line":19,"column":14}},"6":{"start":{"line":21,"column":2},"end":{"line":23,"column":3}},"7":{"start":{"line":22,"column":4},"end":{"line":22,"column":81}},"8":{"start":{"line":25,"column":14},"end":{"line":25,"column":30}},"9":{"start":{"line":27,"column":14},"end":{"line":29,"column":42}},"10":{"start":{"line":31,"column":2},"end":{"line":34,"column":5}},"11":{"start":{"line":32,"column":4},"end":{"line":32,"column":65}},"12":{"start":{"line":32,"column":13},"end":{"line":32,"column":65}},"13":{"start":{"line":33,"column":4},"end":{"line":33,"column":94}},"14":{"start":{"line":38,"column":0},"end":{"line":45,"column":3}},"15":{"start":{"line":39,"column":14},"end":{"line":39,"column":69}},"16":{"start":{"line":41,"column":2},"end":{"line":44,"column":5}},"17":{"start":{"line":42,"column":4},"end":{"line":42,"column":65}},"18":{"start":{"line":42,"column":13},"end":{"line":42,"column":65}},"19":{"start":{"line":43,"column":4},"end":{"line":43,"column":22}},"20":{"start":{"line":48,"column":0},"end":{"line":55,"column":3}},"21":{"start":{"line":49,"column":14},"end":{"line":49,"column":68}},"22":{"start":{"line":51,"column":2},"end":{"line":54,"column":5}},"23":{"start":{"line":52,"column":4},"end":{"line":52,"column":65}},"24":{"start":{"line":52,"column":13},"end":{"line":52,"column":65}},"25":{"start":{"line":53,"column":4},"end":{"line":53,"column":22}},"26":{"start":{"line":58,"column":0},"end":{"line":66,"column":3}},"27":{"start":{"line":59,"column":14},"end":{"line":59,"column":56}},"28":{"start":{"line":61,"column":2},"end":{"line":65,"column":5}},"29":{"start":{"line":62,"column":4},"end":{"line":62,"column":65}},"30":{"start":{"line":62,"column":13},"end":{"line":62,"column":65}},"31":{"start":{"line":63,"column":4},"end":{"line":63,"column":94}},"32":{"start":{"line":63,"column":30},"end":{"line":63,"column":94}},"33":{"start":{"line":64,"column":4},"end":{"line":64,"column":25}},"34":{"start":{"line":69,"column":0},"end":{"line":77,"column":3}},"35":{"start":{"line":70,"column":14},"end":{"line":70,"column":73}},"36":{"start":{"line":72,"column":2},"end":{"line":76,"column":5}},"37":{"start":{"line":73,"column":4},"end":{"line":73,"column":65}},"38":{"start":{"line":73,"column":13},"end":{"line":73,"column":65}},"39":{"start":{"line":74,"column":4},"end":{"line":74,"column":99}},"40":{"start":{"line":74,"column":35},"end":{"line":74,"column":99}},"41":{"start":{"line":75,"column":4},"end":{"line":75,"column":63}},"42":{"start":{"line":80,"column":0},"end":{"line":88,"column":3}},"43":{"start":{"line":81,"column":14},"end":{"line":81,"column":72}},"44":{"start":{"line":83,"column":2},"end":{"line":87,"column":5}},"45":{"start":{"line":84,"column":4},"end":{"line":84,"column":65}},"46":{"start":{"line":84,"column":13},"end":{"line":84,"column":65}},"47":{"start":{"line":85,"column":4},"end":{"line":85,"column":99}},"48":{"start":{"line":85,"column":35},"end":{"line":85,"column":99}},"49":{"start":{"line":86,"column":4},"end":{"line":86,"column":62}},"50":{"start":{"line":91,"column":0},"end":{"line":98,"column":3}},"51":{"start":{"line":92,"column":14},"end":{"line":92,"column":68}},"52":{"start":{"line":94,"column":2},"end":{"line":97,"column":5}},"53":{"start":{"line":95,"column":4},"end":{"line":95,"column":65}},"54":{"start":{"line":95,"column":13},"end":{"line":95,"column":65}},"55":{"start":{"line":96,"column":4},"end":{"line":96,"column":22}},"56":{"start":{"line":101,"column":0},"end":{"line":108,"column":3}},"57":{"start":{"line":102,"column":14},"end":{"line":102,"column":65}},"58":{"start":{"line":104,"column":2},"end":{"line":107,"column":5}},"59":{"start":{"line":105,"column":4},"end":{"line":105,"column":65}},"60":{"start":{"line":105,"column":13},"end":{"line":105,"column":65}},"61":{"start":{"line":106,"column":4},"end":{"line":106,"column":22}},"62":{"start":{"line":110,"column":0},"end":{"line":110,"column":24}}},"fnMap":{"0":{"name":"(anonymous_0)","decl":{"start":{"line":6,"column":17},"end":{"line":6,"column":18}},"loc":{"start":{"line":6,"column":31},"end":{"line":35,"column":1}},"line":6},"1":{"name":"(anonymous_1)","decl":{"start":{"line":31,"column":119},"end":{"line":31,"column":120}},"loc":{"start":{"line":31,"column":136},"end":{"line":34,"column":3}},"line":31},"2":{"name":"(anonymous_2)","decl":{"start":{"line":38,"column":16},"end":{"line":38,"column":17}},"loc":{"start":{"line":38,"column":30},"end":{"line":45,"column":1}},"line":38},"3":{"name":"(anonymous_3)","decl":{"start":{"line":41,"column":16},"end":{"line":41,"column":17}},"loc":{"start":{"line":41,"column":34},"end":{"line":44,"column":3}},"line":41},"4":{"name":"(anonymous_4)","decl":{"start":{"line":48,"column":23},"end":{"line":48,"column":24}},"loc":{"start":{"line":48,"column":37},"end":{"line":55,"column":1}},"line":48},"5":{"name":"(anonymous_5)","decl":{"start":{"line":51,"column":16},"end":{"line":51,"column":17}},"loc":{"start":{"line":51,"column":34},"end":{"line":54,"column":3}},"line":51},"6":{"name":"(anonymous_6)","decl":{"start":{"line":58,"column":19},"end":{"line":58,"column":20}},"loc":{"start":{"line":58,"column":33},"end":{"line":66,"column":1}},"line":58},"7":{"name":"(anonymous_7)","decl":{"start":{"line":61,"column":33},"end":{"line":61,"column":34}},"loc":{"start":{"line":61,"column":51},"end":{"line":65,"column":3}},"line":61},"8":{"name":"(anonymous_8)","decl":{"start":{"line":69,"column":29},"end":{"line":69,"column":30}},"loc":{"start":{"line":69,"column":43},"end":{"line":77,"column":1}},"line":69},"9":{"name":"(anonymous_9)","decl":{"start":{"line":72,"column":33},"end":{"line":72,"column":34}},"loc":{"start":{"line":72,"column":50},"end":{"line":76,"column":3}},"line":72},"10":{"name":"(anonymous_10)","decl":{"start":{"line":80,"column":22},"end":{"line":80,"column":23}},"loc":{"start":{"line":80,"column":36},"end":{"line":88,"column":1}},"line":80},"11":{"name":"(anonymous_11)","decl":{"start":{"line":83,"column":33},"end":{"line":83,"column":34}},"loc":{"start":{"line":83,"column":50},"end":{"line":87,"column":3}},"line":83},"12":{"name":"(anonymous_12)","decl":{"start":{"line":91,"column":23},"end":{"line":91,"column":24}},"loc":{"start":{"line":91,"column":37},"end":{"line":98,"column":1}},"line":91},"13":{"name":"(anonymous_13)","decl":{"start":{"line":94,"column":16},"end":{"line":94,"column":17}},"loc":{"start":{"line":94,"column":34},"end":{"line":97,"column":3}},"line":94},"14":{"name":"(anonymous_14)","decl":{"start":{"line":101,"column":37},"end":{"line":101,"column":38}},"loc":{"start":{"line":101,"column":51},"end":{"line":108,"column":1}},"line":101},"15":{"name":"(anonymous_15)","decl":{"start":{"line":104,"column":42},"end":{"line":104,"column":43}},"loc":{"start":{"line":104,"column":60},"end":{"line":107,"column":3}},"line":104}},"branchMap":{"0":{"loc":{"start":{"line":21,"column":2},"end":{"line":23,"column":3}},"type":"if","locations":[{"start":{"line":21,"column":2},"end":{"line":23,"column":3}},{"start":{},"end":{}}],"line":21},"1":{"loc":{"start":{"line":21,"column":6},"end":{"line":21,"column":96}},"type":"binary-expr","locations":[{"start":{"line":21,"column":6},"end":{"line":21,"column":12}},{"start":{"line":21,"column":16},"end":{"line":21,"column":28}},{"start":{"line":21,"column":32},"end":{"line":21,"column":41}},{"start":{"line":21,"column":45},"end":{"line":21,"column":54}},{"start":{"line":21,"column":58},"end":{"line":21,"column":71}},{"start":{"line":21,"column":75},"end":{"line":21,"column":82}},{"start":{"line":21,"column":86},"end":{"line":21,"column":96}}],"line":21},"2":{"loc":{"start":{"line":25,"column":14},"end":{"line":25,"column":30}},"type":"binary-expr","locations":[{"start":{"line":25,"column":14},"end":{"line":25,"column":25}},{"start":{"line":25,"column":29},"end":{"line":25,"column":30}}],"line":25},"3":{"loc":{"start":{"line":32,"column":4},"end":{"line":32,"column":65}},"type":"if","locations":[{"start":{"line":32,"column":4},"end":{"line":32,"column":65}},{"start":{},"end":{}}],"line":32},"4":{"loc":{"start":{"line":42,"column":4},"end":{"line":42,"column":65}},"type":"if","locations":[{"start":{"line":42,"column":4},"end":{"line":42,"column":65}},{"start":{},"end":{}}],"line":42},"5":{"loc":{"start":{"line":52,"column":4},"end":{"line":52,"column":65}},"type":"if","locations":[{"start":{"line":52,"column":4},"end":{"line":52,"column":65}},{"start":{},"end":{}}],"line":52},"6":{"loc":{"start":{"line":62,"column":4},"end":{"line":62,"column":65}},"type":"if","locations":[{"start":{"line":62,"column":4},"end":{"line":62,"column":65}},{"start":{},"end":{}}],"line":62},"7":{"loc":{"start":{"line":63,"column":4},"end":{"line":63,"column":94}},"type":"if","locations":[{"start":{"line":63,"column":4},"end":{"line":63,"column":94}},{"start":{},"end":{}}],"line":63},"8":{"loc":{"start":{"line":73,"column":4},"end":{"line":73,"column":65}},"type":"if","locations":[{"start":{"line":73,"column":4},"end":{"line":73,"column":65}},{"start":{},"end":{}}],"line":73},"9":{"loc":{"start":{"line":74,"column":4},"end":{"line":74,"column":99}},"type":"if","locations":[{"start":{"line":74,"column":4},"end":{"line":74,"column":99}},{"start":{},"end":{}}],"line":74},"10":{"loc":{"start":{"line":84,"column":4},"end":{"line":84,"column":65}},"type":"if","locations":[{"start":{"line":84,"column":4},"end":{"line":84,"column":65}},{"start":{},"end":{}}],"line":84},"11":{"loc":{"start":{"line":85,"column":4},"end":{"line":85,"column":99}},"type":"if","locations":[{"start":{"line":85,"column":4},"end":{"line":85,"column":99}},{"start":{},"end":{}}],"line":85},"12":{"loc":{"start":{"line":95,"column":4},"end":{"line":95,"column":65}},"type":"if","locations":[{"start":{"line":95,"column":4},"end":{"line":95,"column":65}},{"start":{},"end":{}}],"line":95},"13":{"loc":{"start":{"line":105,"column":4},"end":{"line":105,"column":65}},"type":"if","locations":[{"start":{"line":105,"column":4},"end":{"line":105,"column":65}},{"start":{},"end":{}}],"line":105}},"s":{"0":2,"1":2,"2":2,"3":2,"4":1,"5":1,"6":1,"7":0,"8":1,"9":1,"10":1,"11":1,"12":0,"13":1,"14":2,"15":1,"16":1,"17":1,"18":0,"19":1,"20":2,"21":0,"22":0,"23":0,"24":0,"25":0,"26":2,"27":1,"28":1,"29":1,"30":0,"31":1,"32":0,"33":1,"34":2,"35":1,"36":1,"37":1,"38":0,"39":1,"40":0,"41":1,"42":2,"43":1,"44":1,"45":1,"46":0,"47":1,"48":0,"49":1,"50":2,"51":0,"52":0,"53":0,"54":0,"55":0,"56":2,"57":0,"58":0,"59":0,"60":0,"61":0,"62":2},"f":{"0":1,"1":1,"2":1,"3":1,"4":0,"5":0,"6":1,"7":1,"8":1,"9":1,"10":1,"11":1,"12":0,"13":0,"14":0,"15":0},"b":{"0":[0,1],"1":[1,1,1,1,1,1,1],"2":[1,0],"3":[0,1],"4":[0,1],"5":[0,0],"6":[0,1],"7":[0,1],"8":[0,1],"9":[0,1],"10":[0,1],"11":[0,1],"12":[0,0],"13":[0,0]},"_coverageSchema":"1a1c01bbd47fc00a2c39e90264f33305004495a9","hash":"9de89cbc2a56de988bd47018625506713d91c053"}
,"C:\\SD_Assign\\Code-Crafters\\backend\\routes\\profile.js": {"path":"C:\\SD_Assign\\Code-Crafters\\backend\\routes\\profile.js","statementMap":{"0":{"start":{"line":1,"column":16},"end":{"line":1,"column":34}},"1":{"start":{"line":2,"column":15},"end":{"line":2,"column":31}},"2":{"start":{"line":3,"column":11},"end":{"line":3,"column":27}},"3":{"start":{"line":6,"column":0},"end":{"line":56,"column":3}},"4":{"start":{"line":12,"column":6},"end":{"line":12,"column":14}},"5":{"start":{"line":14,"column":2},"end":{"line":14,"column":74}},"6":{"start":{"line":14,"column":14},"end":{"line":14,"column":74}},"7":{"start":{"line":16,"column":14},"end":{"line":40,"column":3}},"8":{"start":{"line":42,"column":17},"end":{"line":47,"column":3}},"9":{"start":{"line":49,"column":2},"end":{"line":55,"column":5}},"10":{"start":{"line":50,"column":4},"end":{"line":53,"column":5}},"11":{"start":{"line":51,"column":6},"end":{"line":51,"column":61}},"12":{"start":{"line":52,"column":6},"end":{"line":52,"column":58}},"13":{"start":{"line":54,"column":4},"end":{"line":54,"column":56}},"14":{"start":{"line":59,"column":0},"end":{"line":70,"column":3}},"15":{"start":{"line":60,"column":14},"end":{"line":60,"column":53}},"16":{"start":{"line":62,"column":2},"end":{"line":69,"column":5}},"17":{"start":{"line":63,"column":4},"end":{"line":66,"column":5}},"18":{"start":{"line":64,"column":6},"end":{"line":64,"column":63}},"19":{"start":{"line":65,"column":6},"end":{"line":65,"column":58}},"20":{"start":{"line":67,"column":4},"end":{"line":67,"column":90}},"21":{"start":{"line":67,"column":30},"end":{"line":67,"column":90}},"22":{"start":{"line":68,"column":4},"end":{"line":68,"column":25}},"23":{"start":{"line":72,"column":0},"end":{"line":72,"column":24}}},"fnMap":{"0":{"name":"(anonymous_0)","decl":{"start":{"line":6,"column":17},"end":{"line":6,"column":18}},"loc":{"start":{"line":6,"column":31},"end":{"line":56,"column":1}},"line":6},"1":{"name":"(anonymous_1)","decl":{"start":{"line":49,"column":24},"end":{"line":49,"column":25}},"loc":{"start":{"line":49,"column":41},"end":{"line":55,"column":3}},"line":49},"2":{"name":"(anonymous_2)","decl":{"start":{"line":59,"column":22},"end":{"line":59,"column":23}},"loc":{"start":{"line":59,"column":36},"end":{"line":70,"column":1}},"line":59},"3":{"name":"(anonymous_3)","decl":{"start":{"line":62,"column":36},"end":{"line":62,"column":37}},"loc":{"start":{"line":62,"column":54},"end":{"line":69,"column":3}},"line":62}},"branchMap":{"0":{"loc":{"start":{"line":14,"column":2},"end":{"line":14,"column":74}},"type":"if","locations":[{"start":{"line":14,"column":2},"end":{"line":14,"column":74}},{"start":{},"end":{}}],"line":14},"1":{"loc":{"start":{"line":50,"column":4},"end":{"line":53,"column":5}},"type":"if","locations":[{"start":{"line":50,"column":4},"end":{"line":53,"column":5}},{"start":{},"end":{}}],"line":50},"2":{"loc":{"start":{"line":63,"column":4},"end":{"line":66,"column":5}},"type":"if","locations":[{"start":{"line":63,"column":4},"end":{"line":66,"column":5}},{"start":{},"end":{}}],"line":63},"3":{"loc":{"start":{"line":67,"column":4},"end":{"line":67,"column":90}},"type":"if","locations":[{"start":{"line":67,"column":4},"end":{"line":67,"column":90}},{"start":{},"end":{}}],"line":67}},"s":{"0":2,"1":2,"2":2,"3":2,"4":0,"5":0,"6":0,"7":0,"8":0,"9":0,"10":0,"11":0,"12":0,"13":0,"14":2,"15":0,"16":0,"17":0,"18":0,"19":0,"20":0,"21":0,"22":0,"23":2},"f":{"0":0,"1":0,"2":0,"3":0},"b":{"0":[0,0],"1":[0,0],"2":[0,0],"3":[0,0]},"_coverageSchema":"1a1c01bbd47fc00a2c39e90264f33305004495a9","hash":"0dd3fbf7318218c4bedb3ddcf968f14efaa3e3c8"}
,"C:\\SD_Assign\\Code-Crafters\\backend\\routes\\provider_profile.js": {"path":"C:\\SD_Assign\\Code-Crafters\\backend\\routes\\provider_profile.js","statementMap":{"0":{"start":{"line":1,"column":16},"end":{"line":1,"column":34}},"1":{"start":{"line":2,"column":15},"end":{"line":2,"column":31}},"2":{"start":{"line":3,"column":11},"end":{"line":3,"column":27}},"3":{"start":{"line":6,"column":0},"end":{"line":41,"column":3}},"4":{"start":{"line":10,"column":6},"end":{"line":10,"column":14}},"5":{"start":{"line":12,"column":2},"end":{"line":12,"column":74}},"6":{"start":{"line":12,"column":14},"end":{"line":12,"column":74}},"7":{"start":{"line":14,"column":14},"end":{"line":27,"column":3}},"8":{"start":{"line":29,"column":17},"end":{"line":32,"column":3}},"9":{"start":{"line":34,"column":2},"end":{"line":40,"column":5}},"10":{"start":{"line":35,"column":4},"end":{"line":38,"column":5}},"11":{"start":{"line":36,"column":6},"end":{"line":36,"column":70}},"12":{"start":{"line":37,"column":6},"end":{"line":37,"column":58}},"13":{"start":{"line":39,"column":4},"end":{"line":39,"column":65}},"14":{"start":{"line":44,"column":0},"end":{"line":58,"column":3}},"15":{"start":{"line":45,"column":14},"end":{"line":52,"column":3}},"16":{"start":{"line":54,"column":2},"end":{"line":57,"column":5}},"17":{"start":{"line":55,"column":4},"end":{"line":55,"column":65}},"18":{"start":{"line":55,"column":13},"end":{"line":55,"column":65}},"19":{"start":{"line":56,"column":4},"end":{"line":56,"column":22}},"20":{"start":{"line":62,"column":0},"end":{"line":74,"column":3}},"21":{"start":{"line":63,"column":14},"end":{"line":63,"column":59}},"22":{"start":{"line":65,"column":2},"end":{"line":73,"column":5}},"23":{"start":{"line":66,"column":4},"end":{"line":66,"column":65}},"24":{"start":{"line":66,"column":13},"end":{"line":66,"column":65}},"25":{"start":{"line":68,"column":4},"end":{"line":70,"column":5}},"26":{"start":{"line":69,"column":6},"end":{"line":69,"column":67}},"27":{"start":{"line":72,"column":4},"end":{"line":72,"column":25}},"28":{"start":{"line":76,"column":0},"end":{"line":93,"column":3}},"29":{"start":{"line":77,"column":21},"end":{"line":77,"column":29}},"30":{"start":{"line":79,"column":14},"end":{"line":83,"column":3}},"31":{"start":{"line":85,"column":2},"end":{"line":92,"column":5}},"32":{"start":{"line":86,"column":4},"end":{"line":89,"column":5}},"33":{"start":{"line":87,"column":6},"end":{"line":87,"column":25}},"34":{"start":{"line":88,"column":6},"end":{"line":88,"column":58}},"35":{"start":{"line":91,"column":4},"end":{"line":91,"column":57}},"36":{"start":{"line":95,"column":0},"end":{"line":95,"column":24}}},"fnMap":{"0":{"name":"(anonymous_0)","decl":{"start":{"line":6,"column":17},"end":{"line":6,"column":18}},"loc":{"start":{"line":6,"column":31},"end":{"line":41,"column":1}},"line":6},"1":{"name":"(anonymous_1)","decl":{"start":{"line":34,"column":24},"end":{"line":34,"column":25}},"loc":{"start":{"line":34,"column":33},"end":{"line":40,"column":3}},"line":34},"2":{"name":"(anonymous_2)","decl":{"start":{"line":44,"column":16},"end":{"line":44,"column":17}},"loc":{"start":{"line":44,"column":30},"end":{"line":58,"column":1}},"line":44},"3":{"name":"(anonymous_3)","decl":{"start":{"line":54,"column":16},"end":{"line":54,"column":17}},"loc":{"start":{"line":54,"column":34},"end":{"line":57,"column":3}},"line":54},"4":{"name":"(anonymous_4)","decl":{"start":{"line":62,"column":19},"end":{"line":62,"column":20}},"loc":{"start":{"line":62,"column":33},"end":{"line":74,"column":1}},"line":62},"5":{"name":"(anonymous_5)","decl":{"start":{"line":65,"column":33},"end":{"line":65,"column":34}},"loc":{"start":{"line":65,"column":51},"end":{"line":73,"column":3}},"line":65},"6":{"name":"(anonymous_6)","decl":{"start":{"line":76,"column":26},"end":{"line":76,"column":27}},"loc":{"start":{"line":76,"column":40},"end":{"line":93,"column":1}},"line":76},"7":{"name":"(anonymous_7)","decl":{"start":{"line":85,"column":41},"end":{"line":85,"column":42}},"loc":{"start":{"line":85,"column":58},"end":{"line":92,"column":3}},"line":85}},"branchMap":{"0":{"loc":{"start":{"line":12,"column":2},"end":{"line":12,"column":74}},"type":"if","locations":[{"start":{"line":12,"column":2},"end":{"line":12,"column":74}},{"start":{},"end":{}}],"line":12},"1":{"loc":{"start":{"line":35,"column":4},"end":{"line":38,"column":5}},"type":"if","locations":[{"start":{"line":35,"column":4},"end":{"line":38,"column":5}},{"start":{},"end":{}}],"line":35},"2":{"loc":{"start":{"line":55,"column":4},"end":{"line":55,"column":65}},"type":"if","locations":[{"start":{"line":55,"column":4},"end":{"line":55,"column":65}},{"start":{},"end":{}}],"line":55},"3":{"loc":{"start":{"line":66,"column":4},"end":{"line":66,"column":65}},"type":"if","locations":[{"start":{"line":66,"column":4},"end":{"line":66,"column":65}},{"start":{},"end":{}}],"line":66},"4":{"loc":{"start":{"line":68,"column":4},"end":{"line":70,"column":5}},"type":"if","locations":[{"start":{"line":68,"column":4},"end":{"line":70,"column":5}},{"start":{},"end":{}}],"line":68},"5":{"loc":{"start":{"line":86,"column":4},"end":{"line":89,"column":5}},"type":"if","locations":[{"start":{"line":86,"column":4},"end":{"line":89,"column":5}},{"start":{},"end":{}}],"line":86}},"s":{"0":2,"1":2,"2":2,"3":2,"4":0,"5":0,"6":0,"7":0,"8":0,"9":0,"10":0,"11":0,"12":0,"13":0,"14":2,"15":1,"16":1,"17":1,"18":0,"19":1,"20":2,"21":0,"22":0,"23":0,"24":0,"25":0,"26":0,"27":0,"28":2,"29":2,"30":2,"31":2,"32":2,"33":0,"34":0,"35":2,"36":2},"f":{"0":0,"1":0,"2":1,"3":1,"4":0,"5":0,"6":2,"7":2},"b":{"0":[0,0],"1":[0,0],"2":[0,1],"3":[0,0],"4":[0,0],"5":[0,2]},"_coverageSchema":"1a1c01bbd47fc00a2c39e90264f33305004495a9","hash":"e62a77d6a51dc48974c49978799f943873865618"}
}
