TN:
SF:app.js
FN:28,(anonymous_0)
FN:46,(anonymous_1)
FN:50,(anonymous_2)
FN:52,(anonymous_3)
FNF:4
FNH:4
FNDA:16,(anonymous_0)
FNDA:1,(anonymous_1)
FNDA:1,(anonymous_2)
FNDA:1,(anonymous_3)
DA:1,2
DA:2,2
DA:3,2
DA:4,2
DA:5,2
DA:6,2
DA:7,2
DA:8,2
DA:9,2
DA:10,2
DA:11,2
DA:13,2
DA:14,0
DA:15,0
DA:19,0
DA:20,0
DA:22,0
DA:23,0
DA:27,2
DA:29,16
DA:33,16
DA:34,16
DA:36,0
DA:41,2
DA:43,2
DA:44,2
DA:46,2
DA:47,1
DA:50,2
DA:51,1
DA:52,1
DA:53,1
DA:54,0
DA:56,1
DA:61,2
DA:62,2
DA:63,2
DA:64,2
DA:65,2
DA:66,2
DA:67,2
DA:68,2
DA:70,2
LF:43
LH:35
BRDA:13,0,0,0
BRDA:13,0,1,2
BRDA:13,1,0,2
BRDA:13,1,1,2
BRDA:15,2,0,0
BRDA:15,2,1,0
BRDA:33,3,0,16
BRDA:33,3,1,0
BRDA:33,4,0,16
BRDA:33,4,1,0
BRDA:33,4,2,0
BRDA:53,5,0,0
BRDA:53,5,1,1
BRF:13
BRH:6
end_of_record
TN:
SF:routes\admin.js
FN:9,verifyToken
FN:19,(anonymous_1)
FN:24,(anonymous_2)
FN:32,(anonymous_3)
FN:33,(anonymous_4)
FN:46,(anonymous_5)
FN:50,(anonymous_6)
FN:65,(anonymous_7)
FN:71,(anonymous_8)
FN:86,(anonymous_9)
FN:99,(anonymous_10)
FN:116,(anonymous_11)
FN:117,(anonymous_12)
FN:129,(anonymous_13)
FN:137,(anonymous_14)
FN:156,(anonymous_15)
FN:166,(anonymous_16)
FN:204,(anonymous_17)
FN:218,(anonymous_18)
FN:222,(anonymous_19)
FN:230,(anonymous_20)
FN:234,(anonymous_21)
FNF:22
FNH:15
FNDA:0,verifyToken
FNDA:0,(anonymous_1)
FNDA:0,(anonymous_2)
FNDA:1,(anonymous_3)
FNDA:1,(anonymous_4)
FNDA:0,(anonymous_5)
FNDA:0,(anonymous_6)
FNDA:2,(anonymous_7)
FNDA:2,(anonymous_8)
FNDA:0,(anonymous_9)
FNDA:0,(anonymous_10)
FNDA:1,(anonymous_11)
FNDA:1,(anonymous_12)
FNDA:1,(anonymous_13)
FNDA:1,(anonymous_14)
FNDA:1,(anonymous_15)
FNDA:1,(anonymous_16)
FNDA:1,(anonymous_17)
FNDA:1,(anonymous_18)
FNDA:1,(anonymous_19)
FNDA:1,(anonymous_20)
FNDA:1,(anonymous_21)
DA:1,2
DA:2,2
DA:3,2
DA:4,2
DA:10,0
DA:12,0
DA:13,0
DA:16,0
DA:20,0
DA:21,0
DA:22,0
DA:25,0
DA:32,2
DA:33,1
DA:34,1
DA:35,0
DA:36,0
DA:39,1
DA:46,2
DA:47,0
DA:51,0
DA:53,0
DA:54,0
DA:57,0
DA:65,2
DA:66,2
DA:68,2
DA:72,2
DA:74,2
DA:75,0
DA:78,2
DA:86,2
DA:87,0
DA:99,0
DA:100,0
DA:101,0
DA:102,0
DA:105,0
DA:106,0
DA:109,0
DA:116,2
DA:117,1
DA:118,1
DA:119,0
DA:120,0
DA:122,1
DA:129,2
DA:130,1
DA:132,1
DA:134,1
DA:138,1
DA:139,0
DA:145,1
DA:150,1
DA:153,1
DA:157,1
DA:158,0
DA:159,0
DA:163,1
DA:167,1
DA:168,0
DA:169,0
DA:172,1
DA:186,0
DA:188,0
DA:189,0
DA:194,0
DA:204,2
DA:205,1
DA:207,1
DA:209,1
DA:210,1
DA:212,0
DA:213,0
DA:218,1
DA:219,1
DA:223,1
DA:224,1
DA:230,1
DA:231,1
DA:235,1
DA:236,1
DA:241,1
DA:244,0
DA:245,0
DA:248,2
LF:86
LH:47
BRDA:12,0,0,0
BRDA:12,0,1,0
BRDA:34,1,0,0
BRDA:34,1,1,1
BRDA:51,2,0,0
BRDA:51,2,1,0
BRDA:53,3,0,0
BRDA:53,3,1,0
BRDA:72,4,0,0
BRDA:72,4,1,2
BRDA:74,5,0,0
BRDA:74,5,1,2
BRDA:100,6,0,0
BRDA:100,6,1,0
BRDA:105,7,0,0
BRDA:105,7,1,0
BRDA:118,8,0,0
BRDA:118,8,1,1
BRDA:138,9,0,0
BRDA:138,9,1,1
BRDA:157,10,0,0
BRDA:157,10,1,1
BRDA:167,11,0,0
BRDA:167,11,1,1
BRDA:188,12,0,0
BRDA:188,12,1,0
BRDA:212,13,0,0
BRDA:212,13,1,0
BRDA:223,14,0,0
BRDA:223,14,1,1
BRDA:235,15,0,0
BRDA:235,15,1,1
BRF:32
BRH:9
end_of_record
TN:
SF:routes\admin_profile.js
FN:8,(anonymous_0)
FN:17,(anonymous_1)
FN:26,(anonymous_2)
FN:29,(anonymous_3)
FNF:4
FNH:0
FNDA:0,(anonymous_0)
FNDA:0,(anonymous_1)
FNDA:0,(anonymous_2)
FNDA:0,(anonymous_3)
DA:1,2
DA:2,2
DA:3,2
DA:8,2
DA:9,0
DA:11,0
DA:17,0
DA:18,0
DA:20,0
DA:26,2
DA:27,0
DA:29,0
DA:30,0
DA:31,0
DA:32,0
DA:35,0
DA:36,0
DA:39,0
DA:44,2
LF:19
LH:6
BRDA:18,0,0,0
BRDA:18,0,1,0
BRDA:30,1,0,0
BRDA:30,1,1,0
BRDA:35,2,0,0
BRDA:35,2,1,0
BRF:6
BRH:0
end_of_record
TN:
SF:routes\applications.js
FN:7,getUserIdByEmail
FN:8,(anonymous_1)
FN:16,(anonymous_2)
FN:24,(anonymous_3)
FN:36,(anonymous_4)
FN:52,(anonymous_5)
FN:59,(anonymous_6)
FN:67,(anonymous_7)
FN:72,(anonymous_8)
FN:85,(anonymous_9)
FN:89,(anonymous_10)
FN:117,(anonymous_11)
FN:128,(anonymous_12)
FN:150,(anonymous_13)
FN:160,(anonymous_14)
FN:170,(anonymous_15)
FN:178,(anonymous_16)
FN:183,(anonymous_17)
FN:193,(anonymous_18)
FN:196,(anonymous_19)
FNF:20
FNH:0
FNDA:0,getUserIdByEmail
FNDA:0,(anonymous_1)
FNDA:0,(anonymous_2)
FNDA:0,(anonymous_3)
FNDA:0,(anonymous_4)
FNDA:0,(anonymous_5)
FNDA:0,(anonymous_6)
FNDA:0,(anonymous_7)
FNDA:0,(anonymous_8)
FNDA:0,(anonymous_9)
FNDA:0,(anonymous_10)
FNDA:0,(anonymous_11)
FNDA:0,(anonymous_12)
FNDA:0,(anonymous_13)
FNDA:0,(anonymous_14)
FNDA:0,(anonymous_15)
FNDA:0,(anonymous_16)
FNDA:0,(anonymous_17)
FNDA:0,(anonymous_18)
FNDA:0,(anonymous_19)
DA:1,2
DA:2,2
DA:3,2
DA:4,2
DA:8,0
DA:9,0
DA:10,0
DA:11,0
DA:16,2
DA:17,0
DA:19,0
DA:20,0
DA:24,0
DA:25,0
DA:26,0
DA:27,0
DA:31,0
DA:36,0
DA:37,0
DA:38,0
DA:39,0
DA:42,0
DA:43,0
DA:47,0
DA:52,0
DA:53,0
DA:54,0
DA:55,0
DA:59,0
DA:60,0
DA:62,0
DA:68,0
DA:69,0
DA:77,0
DA:85,2
DA:86,0
DA:89,0
DA:90,0
DA:91,0
DA:92,0
DA:96,0
DA:117,0
DA:118,0
DA:119,0
DA:120,0
DA:122,0
DA:128,2
DA:129,0
DA:150,0
DA:151,0
DA:152,0
DA:153,0
DA:155,0
DA:160,2
DA:161,0
DA:163,0
DA:164,0
DA:165,0
DA:168,0
DA:170,0
DA:171,0
DA:172,0
DA:173,0
DA:175,0
DA:178,0
DA:179,0
DA:180,0
DA:188,0
DA:193,2
DA:194,0
DA:196,0
DA:197,0
DA:198,0
DA:199,0
DA:201,0
DA:202,0
DA:206,2
LF:77
LH:10
BRDA:9,0,0,0
BRDA:9,0,1,0
BRDA:10,1,0,0
BRDA:10,1,1,0
BRDA:19,2,0,0
BRDA:19,2,1,0
BRDA:19,3,0,0
BRDA:19,3,1,0
BRDA:25,4,0,0
BRDA:25,4,1,0
BRDA:37,5,0,0
BRDA:37,5,1,0
BRDA:42,6,0,0
BRDA:42,6,1,0
BRDA:53,7,0,0
BRDA:53,7,1,0
BRDA:60,8,0,0
BRDA:60,8,1,0
BRDA:68,9,0,0
BRDA:68,9,1,0
BRDA:68,10,0,0
BRDA:68,10,1,0
BRDA:90,11,0,0
BRDA:90,11,1,0
BRDA:118,12,0,0
BRDA:118,12,1,0
BRDA:151,13,0,0
BRDA:151,13,1,0
BRDA:164,14,0,0
BRDA:164,14,1,0
BRDA:164,15,0,0
BRDA:164,15,1,0
BRDA:171,16,0,0
BRDA:171,16,1,0
BRDA:175,17,0,0
BRDA:175,17,1,0
BRDA:179,18,0,0
BRDA:179,18,1,0
BRDA:179,19,0,0
BRDA:179,19,1,0
BRDA:197,20,0,0
BRDA:197,20,1,0
BRDA:201,21,0,0
BRDA:201,21,1,0
BRF:44
BRH:0
end_of_record
TN:
SF:routes\login.js
FN:10,verifyToken
FN:20,(anonymous_1)
FN:25,(anonymous_2)
FN:34,(anonymous_3)
FN:43,(anonymous_4)
FN:52,(anonymous_5)
FNF:6
FNH:0
FNDA:0,verifyToken
FNDA:0,(anonymous_1)
FNDA:0,(anonymous_2)
FNDA:0,(anonymous_3)
FNDA:0,(anonymous_4)
FNDA:0,(anonymous_5)
DA:1,2
DA:2,2
DA:3,2
DA:4,2
DA:11,0
DA:13,0
DA:14,0
DA:17,0
DA:21,0
DA:22,0
DA:23,0
DA:26,0
DA:34,2
DA:35,0
DA:37,0
DA:43,0
DA:44,0
DA:45,0
DA:46,0
DA:49,0
DA:53,0
DA:54,0
DA:55,0
DA:58,0
DA:64,2
LF:25
LH:6
BRDA:13,0,0,0
BRDA:13,0,1,0
BRDA:44,1,0,0
BRDA:44,1,1,0
BRDA:53,2,0,0
BRDA:53,2,1,0
BRF:6
BRH:0
end_of_record
TN:
SF:routes\notifications.js
FN:6,createNotification
FN:15,(anonymous_1)
FN:22,(anonymous_2)
FN:32,(anonymous_3)
FN:39,(anonymous_4)
FN:49,(anonymous_5)
FN:52,(anonymous_6)
FNF:7
FNH:0
FNDA:0,createNotification
FNDA:0,(anonymous_1)
FNDA:0,(anonymous_2)
FNDA:0,(anonymous_3)
FNDA:0,(anonymous_4)
FNDA:0,(anonymous_5)
FNDA:0,(anonymous_6)
DA:1,2
DA:2,2
DA:3,2
DA:7,0
DA:15,2
DA:16,0
DA:18,0
DA:19,0
DA:22,0
DA:23,0
DA:24,0
DA:25,0
DA:27,0
DA:32,2
DA:33,0
DA:39,0
DA:40,0
DA:41,0
DA:42,0
DA:44,0
DA:49,2
DA:50,0
DA:52,0
DA:53,0
DA:54,0
DA:55,0
DA:57,0
DA:58,0
DA:62,2
DA:63,2
LF:30
LH:8
BRDA:18,0,0,0
BRDA:18,0,1,0
BRDA:18,1,0,0
BRDA:18,1,1,0
BRDA:23,2,0,0
BRDA:23,2,1,0
BRDA:40,3,0,0
BRDA:40,3,1,0
BRDA:53,4,0,0
BRDA:53,4,1,0
BRDA:57,5,0,0
BRDA:57,5,1,0
BRF:12
BRH:0
end_of_record
TN:
SF:routes\opportunities.js
FN:6,(anonymous_0)
FN:31,(anonymous_1)
FN:38,(anonymous_2)
FN:41,(anonymous_3)
FN:48,(anonymous_4)
FN:51,(anonymous_5)
FN:58,(anonymous_6)
FN:61,(anonymous_7)
FN:69,(anonymous_8)
FN:72,(anonymous_9)
FN:80,(anonymous_10)
FN:83,(anonymous_11)
FN:91,(anonymous_12)
FN:94,(anonymous_13)
FN:101,(anonymous_14)
FN:104,(anonymous_15)
FNF:16
FNH:10
FNDA:1,(anonymous_0)
FNDA:1,(anonymous_1)
FNDA:1,(anonymous_2)
FNDA:1,(anonymous_3)
FNDA:0,(anonymous_4)
FNDA:0,(anonymous_5)
FNDA:1,(anonymous_6)
FNDA:1,(anonymous_7)
FNDA:1,(anonymous_8)
FNDA:1,(anonymous_9)
FNDA:1,(anonymous_10)
FNDA:1,(anonymous_11)
FNDA:0,(anonymous_12)
FNDA:0,(anonymous_13)
FNDA:0,(anonymous_14)
FNDA:0,(anonymous_15)
DA:1,2
DA:2,2
DA:3,2
DA:6,2
DA:7,1
DA:19,1
DA:21,1
DA:22,0
DA:25,1
DA:27,1
DA:31,1
DA:32,1
DA:33,1
DA:38,2
DA:39,1
DA:41,1
DA:42,1
DA:43,1
DA:48,2
DA:49,0
DA:51,0
DA:52,0
DA:53,0
DA:58,2
DA:59,1
DA:61,1
DA:62,1
DA:63,1
DA:64,1
DA:69,2
DA:70,1
DA:72,1
DA:73,1
DA:74,1
DA:75,1
DA:80,2
DA:81,1
DA:83,1
DA:84,1
DA:85,1
DA:86,1
DA:91,2
DA:92,0
DA:94,0
DA:95,0
DA:96,0
DA:101,2
DA:102,0
DA:104,0
DA:105,0
DA:106,0
DA:110,2
LF:52
LH:39
BRDA:21,0,0,0
BRDA:21,0,1,1
BRDA:21,1,0,1
BRDA:21,1,1,1
BRDA:21,1,2,1
BRDA:21,1,3,1
BRDA:21,1,4,1
BRDA:21,1,5,1
BRDA:21,1,6,1
BRDA:25,2,0,1
BRDA:25,2,1,0
BRDA:32,3,0,0
BRDA:32,3,1,1
BRDA:42,4,0,0
BRDA:42,4,1,1
BRDA:52,5,0,0
BRDA:52,5,1,0
BRDA:62,6,0,0
BRDA:62,6,1,1
BRDA:63,7,0,0
BRDA:63,7,1,1
BRDA:73,8,0,0
BRDA:73,8,1,1
BRDA:74,9,0,0
BRDA:74,9,1,1
BRDA:84,10,0,0
BRDA:84,10,1,1
BRDA:85,11,0,0
BRDA:85,11,1,1
BRDA:95,12,0,0
BRDA:95,12,1,0
BRDA:105,13,0,0
BRDA:105,13,1,0
BRF:33
BRH:17
end_of_record
TN:
SF:routes\profile.js
FN:6,(anonymous_0)
FN:49,(anonymous_1)
FN:59,(anonymous_2)
FN:62,(anonymous_3)
FNF:4
FNH:0
FNDA:0,(anonymous_0)
FNDA:0,(anonymous_1)
FNDA:0,(anonymous_2)
FNDA:0,(anonymous_3)
DA:1,2
DA:2,2
DA:3,2
DA:6,2
DA:12,0
DA:14,0
DA:16,0
DA:42,0
DA:49,0
DA:50,0
DA:51,0
DA:52,0
DA:54,0
DA:59,2
DA:60,0
DA:62,0
DA:63,0
DA:64,0
DA:65,0
DA:67,0
DA:68,0
DA:72,2
LF:22
LH:6
BRDA:14,0,0,0
BRDA:14,0,1,0
BRDA:50,1,0,0
BRDA:50,1,1,0
BRDA:63,2,0,0
BRDA:63,2,1,0
BRDA:67,3,0,0
BRDA:67,3,1,0
BRF:8
BRH:0
end_of_record
TN:
SF:routes\provider_profile.js
FN:6,(anonymous_0)
FN:34,(anonymous_1)
FN:44,(anonymous_2)
FN:54,(anonymous_3)
FN:62,(anonymous_4)
FN:65,(anonymous_5)
FN:76,(anonymous_6)
FN:85,(anonymous_7)
FNF:8
FNH:4
FNDA:0,(anonymous_0)
FNDA:0,(anonymous_1)
FNDA:1,(anonymous_2)
FNDA:1,(anonymous_3)
FNDA:0,(anonymous_4)
FNDA:0,(anonymous_5)
FNDA:2,(anonymous_6)
FNDA:2,(anonymous_7)
DA:1,2
DA:2,2
DA:3,2
DA:6,2
DA:10,0
DA:12,0
DA:14,0
DA:29,0
DA:34,0
DA:35,0
DA:36,0
DA:37,0
DA:39,0
DA:44,2
DA:45,1
DA:54,1
DA:55,1
DA:56,1
DA:62,2
DA:63,0
DA:65,0
DA:66,0
DA:68,0
DA:69,0
DA:72,0
DA:76,2
DA:77,2
DA:79,2
DA:85,2
DA:86,2
DA:87,0
DA:88,0
DA:91,2
DA:95,2
LF:34
LH:17
BRDA:12,0,0,0
BRDA:12,0,1,0
BRDA:35,1,0,0
BRDA:35,1,1,0
BRDA:55,2,0,0
BRDA:55,2,1,1
BRDA:66,3,0,0
BRDA:66,3,1,0
BRDA:68,4,0,0
BRDA:68,4,1,0
BRDA:86,5,0,0
BRDA:86,5,1,2
BRF:12
BRH:2
end_of_record
